<!DOCTYPE html>

<html>
  <head>
  <meta charset='utf-8'>
  <title>TestNG reports</title>

    <link type="text/css" href="testng-reports1.css" rel="stylesheet" id="ultra" />
    <link type="text/css" href="testng-reports.css" rel="stylesheet" id="retro" disabled="false"/>
    <script type="text/javascript" src="jquery.min.js"></script>
    <script type="text/javascript" src="testng-reports.js"></script>
    <script type="text/javascript" src="https://www.google.com/jsapi"></script>
    <script type='text/javascript'>
      google.load('visualization', '1', {packages:['table']});
      google.setOnLoadCallback(drawTable);
      var suiteTableInitFunctions = new Array();
      var suiteTableData = new Array();
    </script>
    <!--
      <script type="text/javascript" src="jquery-ui/js/jquery-ui-1.8.16.custom.min.js"></script>
     -->
  </head>

  <body>
    <div class="top-banner-root">
      <span class="top-banner-title-font">Test results</span>
      <button id="button" class="button">Switch Retro Theme</button> <!-- button -->
      <br/>
      <span class="top-banner-font-1">1 suite, 10 failed tests</span>
    </div> <!-- top-banner-root -->
    <div class="navigator-root">
      <div class="navigator-suite-header">
        <span>All suites</span>
        <a href="#" title="Collapse/expand all the suites" class="collapse-all-link">
          <img src="collapseall.gif" class="collapse-all-icon">
          </img> <!-- collapse-all-icon -->
        </a> <!-- collapse-all-link -->
      </div> <!-- navigator-suite-header -->
      <div class="suite">
        <div class="rounded-window">
          <div class="suite-header light-rounded-window-top">
            <a href="#" panel-name="suite-Suite" class="navigator-link">
              <span class="suite-name border-failed">Suite</span>
            </a> <!-- navigator-link -->
          </div> <!-- suite-header light-rounded-window-top -->
          <div class="navigator-suite-content">
            <div class="suite-section-title">
              <span>Info</span>
            </div> <!-- suite-section-title -->
            <div class="suite-section-content">
              <ul>
                <li>
                  <a href="#" panel-name="test-xml-Suite" class="navigator-link ">
                    <span>C:\Users\Shanmugam Rani\eclipse-workspace\Altimetrik.MiniProjects.APIAutomation\testng.xml</span>
                  </a> <!-- navigator-link  -->
                </li>
                <li>
                  <a href="#" panel-name="testlist-Suite" class="navigator-link ">
                    <span class="test-stats">1 test</span>
                  </a> <!-- navigator-link  -->
                </li>
                <li>
                  <a href="#" panel-name="group-Suite" class="navigator-link ">
                    <span>0 groups</span>
                  </a> <!-- navigator-link  -->
                </li>
                <li>
                  <a href="#" panel-name="times-Suite" class="navigator-link ">
                    <span>Times</span>
                  </a> <!-- navigator-link  -->
                </li>
                <li>
                  <a href="#" panel-name="reporter-Suite" class="navigator-link ">
                    <span>Reporter output</span>
                  </a> <!-- navigator-link  -->
                </li>
                <li>
                  <a href="#" panel-name="ignored-methods-Suite" class="navigator-link ">
                    <span>Ignored methods</span>
                  </a> <!-- navigator-link  -->
                </li>
                <li>
                  <a href="#" panel-name="chronological-Suite" class="navigator-link ">
                    <span>Chronological view</span>
                  </a> <!-- navigator-link  -->
                </li>
              </ul>
            </div> <!-- suite-section-content -->
            <div class="result-section">
              <div class="suite-section-title">
                <span>Results</span>
              </div> <!-- suite-section-title -->
              <div class="suite-section-content">
                <ul>
                  <li>
                    <span class="method-stats">40 methods, 10 failed,  30 skipped,  </span>
                  </li>
                  <li>
                    <span class="method-list-title failed">Failed methods</span>
                    <span class="show-or-hide-methods failed">
                      <a href="#" panel-name="suite-Suite" class="hide-methods failed suite-Suite"> (hide)</a> <!-- hide-methods failed suite-Suite -->
                      <a href="#" panel-name="suite-Suite" class="show-methods failed suite-Suite"> (show)</a> <!-- show-methods failed suite-Suite -->
                    </span>
                    <div class="method-list-content failed suite-Suite">
                      <span>
                        <img src="failed.png" width="3%"/>
                        <a href="#" panel-name="suite-Suite" title="apiTestCases.GetUserInfoTest" class="method navigator-link" hash-for-method="getUserInfo(amanda, 46)">getUserInfo(amanda, 46)</a> <!-- method navigator-link -->
                      </span>
                      <br/>
                      <span>
                        <img src="failed.png" width="3%"/>
                        <a href="#" panel-name="suite-Suite" title="apiTestCases.GetUserInfoTest" class="method navigator-link" hash-for-method="getUserInfo(john , 73)">getUserInfo(john , 73)</a> <!-- method navigator-link -->
                      </span>
                      <br/>
                      <span>
                        <img src="failed.png" width="3%"/>
                        <a href="#" panel-name="suite-Suite" title="apiTestCases.GetUserInfoTest" class="method navigator-link" hash-for-method="getUserInfo(tom , 66)">getUserInfo(tom , 66)</a> <!-- method navigator-link -->
                      </span>
                      <br/>
                      <span>
                        <img src="failed.png" width="3%"/>
                        <a href="#" panel-name="suite-Suite" title="apiTestCases.GetUserInfoTest" class="method navigator-link" hash-for-method="getUserInfo(jerry, 75)">getUserInfo(jerry, 75)</a> <!-- method navigator-link -->
                      </span>
                      <br/>
                      <span>
                        <img src="failed.png" width="3%"/>
                        <a href="#" panel-name="suite-Suite" title="apiTestCases.GetUserInfoTest" class="method navigator-link" hash-for-method="getUserInfo(kevin, 50)">getUserInfo(kevin, 50)</a> <!-- method navigator-link -->
                      </span>
                      <br/>
                      <span>
                        <img src="failed.png" width="3%"/>
                        <a href="#" panel-name="suite-Suite" title="apiTestCases.ValidateUserInfoTest" class="method navigator-link" hash-for-method="validateUserInfoTest(kevin, 50)">validateUserInfoTest(kevin, 50)</a> <!-- method navigator-link -->
                      </span>
                      <br/>
                      <span>
                        <img src="failed.png" width="3%"/>
                        <a href="#" panel-name="suite-Suite" title="apiTestCases.ValidateUserInfoTest" class="method navigator-link" hash-for-method="validateUserInfoTest(amanda, 46)">validateUserInfoTest(amanda, 46)</a> <!-- method navigator-link -->
                      </span>
                      <br/>
                      <span>
                        <img src="failed.png" width="3%"/>
                        <a href="#" panel-name="suite-Suite" title="apiTestCases.ValidateUserInfoTest" class="method navigator-link" hash-for-method="validateUserInfoTest(jerry, 75)">validateUserInfoTest(jerry, 75)</a> <!-- method navigator-link -->
                      </span>
                      <br/>
                      <span>
                        <img src="failed.png" width="3%"/>
                        <a href="#" panel-name="suite-Suite" title="apiTestCases.ValidateUserInfoTest" class="method navigator-link" hash-for-method="validateUserInfoTest(john , 73)">validateUserInfoTest(john , 73)</a> <!-- method navigator-link -->
                      </span>
                      <br/>
                      <span>
                        <img src="failed.png" width="3%"/>
                        <a href="#" panel-name="suite-Suite" title="apiTestCases.ValidateUserInfoTest" class="method navigator-link" hash-for-method="validateUserInfoTest(tom , 66)">validateUserInfoTest(tom , 66)</a> <!-- method navigator-link -->
                      </span>
                      <br/>
                    </div> <!-- method-list-content failed suite-Suite -->
                  </li>
                  <li>
                    <span class="method-list-title skipped">Retried methods</span>
                    <span class="show-or-hide-methods skipped">
                      <a href="#" panel-name="suite-Suite" class="hide-methods skipped suite-Suite"> (hide)</a> <!-- hide-methods skipped suite-Suite -->
                      <a href="#" panel-name="suite-Suite" class="show-methods skipped suite-Suite"> (show)</a> <!-- show-methods skipped suite-Suite -->
                    </span>
                    <div class="method-list-content skipped suite-Suite">
                      <span>
                        <img src="skipped.png" width="3%"/>
                        <a href="#" panel-name="suite-Suite" title="apiTestCases.GetUserInfoTest" class="method navigator-link" hash-for-method="getUserInfo(tom , 66)">getUserInfo(tom , 66)</a> <!-- method navigator-link -->
                      </span>
                      <br/>
                      <span>
                        <img src="skipped.png" width="3%"/>
                        <a href="#" panel-name="suite-Suite" title="apiTestCases.GetUserInfoTest" class="method navigator-link" hash-for-method="getUserInfo(john , 73)">getUserInfo(john , 73)</a> <!-- method navigator-link -->
                      </span>
                      <br/>
                      <span>
                        <img src="skipped.png" width="3%"/>
                        <a href="#" panel-name="suite-Suite" title="apiTestCases.GetUserInfoTest" class="method navigator-link" hash-for-method="getUserInfo(kevin, 50)">getUserInfo(kevin, 50)</a> <!-- method navigator-link -->
                      </span>
                      <br/>
                      <span>
                        <img src="skipped.png" width="3%"/>
                        <a href="#" panel-name="suite-Suite" title="apiTestCases.GetUserInfoTest" class="method navigator-link" hash-for-method="getUserInfo(amanda, 46)">getUserInfo(amanda, 46)</a> <!-- method navigator-link -->
                      </span>
                      <br/>
                      <span>
                        <img src="skipped.png" width="3%"/>
                        <a href="#" panel-name="suite-Suite" title="apiTestCases.GetUserInfoTest" class="method navigator-link" hash-for-method="getUserInfo(amanda, 46)">getUserInfo(amanda, 46)</a> <!-- method navigator-link -->
                      </span>
                      <br/>
                      <span>
                        <img src="skipped.png" width="3%"/>
                        <a href="#" panel-name="suite-Suite" title="apiTestCases.GetUserInfoTest" class="method navigator-link" hash-for-method="getUserInfo(john , 73)">getUserInfo(john , 73)</a> <!-- method navigator-link -->
                      </span>
                      <br/>
                      <span>
                        <img src="skipped.png" width="3%"/>
                        <a href="#" panel-name="suite-Suite" title="apiTestCases.GetUserInfoTest" class="method navigator-link" hash-for-method="getUserInfo(tom , 66)">getUserInfo(tom , 66)</a> <!-- method navigator-link -->
                      </span>
                      <br/>
                      <span>
                        <img src="skipped.png" width="3%"/>
                        <a href="#" panel-name="suite-Suite" title="apiTestCases.GetUserInfoTest" class="method navigator-link" hash-for-method="getUserInfo(amanda, 46)">getUserInfo(amanda, 46)</a> <!-- method navigator-link -->
                      </span>
                      <br/>
                      <span>
                        <img src="skipped.png" width="3%"/>
                        <a href="#" panel-name="suite-Suite" title="apiTestCases.GetUserInfoTest" class="method navigator-link" hash-for-method="getUserInfo(jerry, 75)">getUserInfo(jerry, 75)</a> <!-- method navigator-link -->
                      </span>
                      <br/>
                      <span>
                        <img src="skipped.png" width="3%"/>
                        <a href="#" panel-name="suite-Suite" title="apiTestCases.GetUserInfoTest" class="method navigator-link" hash-for-method="getUserInfo(john , 73)">getUserInfo(john , 73)</a> <!-- method navigator-link -->
                      </span>
                      <br/>
                      <span>
                        <img src="skipped.png" width="3%"/>
                        <a href="#" panel-name="suite-Suite" title="apiTestCases.GetUserInfoTest" class="method navigator-link" hash-for-method="getUserInfo(kevin, 50)">getUserInfo(kevin, 50)</a> <!-- method navigator-link -->
                      </span>
                      <br/>
                      <span>
                        <img src="skipped.png" width="3%"/>
                        <a href="#" panel-name="suite-Suite" title="apiTestCases.GetUserInfoTest" class="method navigator-link" hash-for-method="getUserInfo(tom , 66)">getUserInfo(tom , 66)</a> <!-- method navigator-link -->
                      </span>
                      <br/>
                      <span>
                        <img src="skipped.png" width="3%"/>
                        <a href="#" panel-name="suite-Suite" title="apiTestCases.GetUserInfoTest" class="method navigator-link" hash-for-method="getUserInfo(jerry, 75)">getUserInfo(jerry, 75)</a> <!-- method navigator-link -->
                      </span>
                      <br/>
                      <span>
                        <img src="skipped.png" width="3%"/>
                        <a href="#" panel-name="suite-Suite" title="apiTestCases.GetUserInfoTest" class="method navigator-link" hash-for-method="getUserInfo(kevin, 50)">getUserInfo(kevin, 50)</a> <!-- method navigator-link -->
                      </span>
                      <br/>
                      <span>
                        <img src="skipped.png" width="3%"/>
                        <a href="#" panel-name="suite-Suite" title="apiTestCases.GetUserInfoTest" class="method navigator-link" hash-for-method="getUserInfo(jerry, 75)">getUserInfo(jerry, 75)</a> <!-- method navigator-link -->
                      </span>
                      <br/>
                      <span>
                        <img src="skipped.png" width="3%"/>
                        <a href="#" panel-name="suite-Suite" title="apiTestCases.ValidateUserInfoTest" class="method navigator-link" hash-for-method="validateUserInfoTest(tom , 66)">validateUserInfoTest(tom , 66)</a> <!-- method navigator-link -->
                      </span>
                      <br/>
                      <span>
                        <img src="skipped.png" width="3%"/>
                        <a href="#" panel-name="suite-Suite" title="apiTestCases.ValidateUserInfoTest" class="method navigator-link" hash-for-method="validateUserInfoTest(tom , 66)">validateUserInfoTest(tom , 66)</a> <!-- method navigator-link -->
                      </span>
                      <br/>
                      <span>
                        <img src="skipped.png" width="3%"/>
                        <a href="#" panel-name="suite-Suite" title="apiTestCases.ValidateUserInfoTest" class="method navigator-link" hash-for-method="validateUserInfoTest(amanda, 46)">validateUserInfoTest(amanda, 46)</a> <!-- method navigator-link -->
                      </span>
                      <br/>
                      <span>
                        <img src="skipped.png" width="3%"/>
                        <a href="#" panel-name="suite-Suite" title="apiTestCases.ValidateUserInfoTest" class="method navigator-link" hash-for-method="validateUserInfoTest(john , 73)">validateUserInfoTest(john , 73)</a> <!-- method navigator-link -->
                      </span>
                      <br/>
                      <span>
                        <img src="skipped.png" width="3%"/>
                        <a href="#" panel-name="suite-Suite" title="apiTestCases.ValidateUserInfoTest" class="method navigator-link" hash-for-method="validateUserInfoTest(kevin, 50)">validateUserInfoTest(kevin, 50)</a> <!-- method navigator-link -->
                      </span>
                      <br/>
                      <span>
                        <img src="skipped.png" width="3%"/>
                        <a href="#" panel-name="suite-Suite" title="apiTestCases.ValidateUserInfoTest" class="method navigator-link" hash-for-method="validateUserInfoTest(amanda, 46)">validateUserInfoTest(amanda, 46)</a> <!-- method navigator-link -->
                      </span>
                      <br/>
                      <span>
                        <img src="skipped.png" width="3%"/>
                        <a href="#" panel-name="suite-Suite" title="apiTestCases.ValidateUserInfoTest" class="method navigator-link" hash-for-method="validateUserInfoTest(jerry, 75)">validateUserInfoTest(jerry, 75)</a> <!-- method navigator-link -->
                      </span>
                      <br/>
                      <span>
                        <img src="skipped.png" width="3%"/>
                        <a href="#" panel-name="suite-Suite" title="apiTestCases.ValidateUserInfoTest" class="method navigator-link" hash-for-method="validateUserInfoTest(jerry, 75)">validateUserInfoTest(jerry, 75)</a> <!-- method navigator-link -->
                      </span>
                      <br/>
                      <span>
                        <img src="skipped.png" width="3%"/>
                        <a href="#" panel-name="suite-Suite" title="apiTestCases.ValidateUserInfoTest" class="method navigator-link" hash-for-method="validateUserInfoTest(kevin, 50)">validateUserInfoTest(kevin, 50)</a> <!-- method navigator-link -->
                      </span>
                      <br/>
                      <span>
                        <img src="skipped.png" width="3%"/>
                        <a href="#" panel-name="suite-Suite" title="apiTestCases.ValidateUserInfoTest" class="method navigator-link" hash-for-method="validateUserInfoTest(kevin, 50)">validateUserInfoTest(kevin, 50)</a> <!-- method navigator-link -->
                      </span>
                      <br/>
                      <span>
                        <img src="skipped.png" width="3%"/>
                        <a href="#" panel-name="suite-Suite" title="apiTestCases.ValidateUserInfoTest" class="method navigator-link" hash-for-method="validateUserInfoTest(john , 73)">validateUserInfoTest(john , 73)</a> <!-- method navigator-link -->
                      </span>
                      <br/>
                      <span>
                        <img src="skipped.png" width="3%"/>
                        <a href="#" panel-name="suite-Suite" title="apiTestCases.ValidateUserInfoTest" class="method navigator-link" hash-for-method="validateUserInfoTest(tom , 66)">validateUserInfoTest(tom , 66)</a> <!-- method navigator-link -->
                      </span>
                      <br/>
                      <span>
                        <img src="skipped.png" width="3%"/>
                        <a href="#" panel-name="suite-Suite" title="apiTestCases.ValidateUserInfoTest" class="method navigator-link" hash-for-method="validateUserInfoTest(john , 73)">validateUserInfoTest(john , 73)</a> <!-- method navigator-link -->
                      </span>
                      <br/>
                      <span>
                        <img src="skipped.png" width="3%"/>
                        <a href="#" panel-name="suite-Suite" title="apiTestCases.ValidateUserInfoTest" class="method navigator-link" hash-for-method="validateUserInfoTest(amanda, 46)">validateUserInfoTest(amanda, 46)</a> <!-- method navigator-link -->
                      </span>
                      <br/>
                      <span>
                        <img src="skipped.png" width="3%"/>
                        <a href="#" panel-name="suite-Suite" title="apiTestCases.ValidateUserInfoTest" class="method navigator-link" hash-for-method="validateUserInfoTest(jerry, 75)">validateUserInfoTest(jerry, 75)</a> <!-- method navigator-link -->
                      </span>
                      <br/>
                    </div> <!-- method-list-content skipped suite-Suite -->
                  </li>
                </ul>
              </div> <!-- suite-section-content -->
            </div> <!-- result-section -->
          </div> <!-- navigator-suite-content -->
        </div> <!-- rounded-window -->
      </div> <!-- suite -->
    </div> <!-- navigator-root -->
    <div class="wrapper">
      <div class="main-panel-root">
        <div panel-name="suite-Suite" class="panel Suite">
          <div class="suite-Suite-class-failed">
            <div class="main-panel-header rounded-window-top">
              <img src="failed.png"/>
              <span class="class-name">apiTestCases.GetUserInfoTest</span>
            </div> <!-- main-panel-header rounded-window-top -->
            <div class="main-panel-content rounded-window-bottom">
              <div class="method">
                <div class="method-content">
                  <a name="getUserInfo(amanda, 46)">
                  </a> <!-- getUserInfo(amanda, 46) -->
                  <span class="method-name">getUserInfo</span>
                  <span class="parameters">(amanda, 46)</span>
                  <div class="stack-trace">java.lang.AssertionError: The following asserts failed:
	expected [200] but found [429],
	expected [200] but found [429],
	expected [200] but found [429],
	expected [200] but found [429],
	expected [200] but found [429],
	expected [200] but found [429],
	expected [200] but found [429],
	expected [200] but found [429],
	expected [200] but found [429],
	expected [200] but found [429],
	expected [200] but found [429],
	expected [200] but found [429],
	expected [200] but found [429],
	expected [200] but found [429],
	expected [200] but found [429],
	expected [200] but found [429],
	expected [200] but found [429],
	expected [200] but found [429],
	expected [200] but found [429],
	expected [200] but found [429]
	at apiTestCases.GetUserInfoTest.getUserInfo(GetUserInfoTest.java:33)
	at java.base/java.util.ArrayList.forEach(ArrayList.java:1511)
... Removed 28 stack frames
</div> <!-- stack-trace -->
                </div> <!-- method-content -->
              </div> <!-- method -->
              <div class="method">
                <div class="method-content">
                  <a name="getUserInfo(john , 73)">
                  </a> <!-- getUserInfo(john , 73) -->
                  <span class="method-name">getUserInfo</span>
                  <span class="parameters">(john , 73)</span>
                  <div class="stack-trace">java.lang.AssertionError: The following asserts failed:
	expected [200] but found [429],
	expected [200] but found [429],
	expected [200] but found [429],
	expected [200] but found [429]
	at apiTestCases.GetUserInfoTest.getUserInfo(GetUserInfoTest.java:33)
	at java.base/java.util.ArrayList.forEach(ArrayList.java:1511)
... Removed 29 stack frames
</div> <!-- stack-trace -->
                </div> <!-- method-content -->
              </div> <!-- method -->
              <div class="method">
                <div class="method-content">
                  <a name="getUserInfo(tom , 66)">
                  </a> <!-- getUserInfo(tom , 66) -->
                  <span class="method-name">getUserInfo</span>
                  <span class="parameters">(tom , 66)</span>
                  <div class="stack-trace">java.lang.AssertionError: The following asserts failed:
	expected [200] but found [429],
	expected [200] but found [429],
	expected [200] but found [429],
	expected [200] but found [429],
	expected [200] but found [429],
	expected [200] but found [429],
	expected [200] but found [429],
	expected [200] but found [429]
	at apiTestCases.GetUserInfoTest.getUserInfo(GetUserInfoTest.java:33)
	at java.base/java.util.ArrayList.forEach(ArrayList.java:1511)
... Removed 29 stack frames
</div> <!-- stack-trace -->
                </div> <!-- method-content -->
              </div> <!-- method -->
              <div class="method">
                <div class="method-content">
                  <a name="getUserInfo(jerry, 75)">
                  </a> <!-- getUserInfo(jerry, 75) -->
                  <span class="method-name">getUserInfo</span>
                  <span class="parameters">(jerry, 75)</span>
                  <div class="stack-trace">java.lang.AssertionError: The following asserts failed:
	expected [200] but found [429],
	expected [200] but found [429],
	expected [200] but found [429],
	expected [200] but found [429],
	expected [200] but found [429],
	expected [200] but found [429],
	expected [200] but found [429],
	expected [200] but found [429],
	expected [200] but found [429],
	expected [200] but found [429],
	expected [200] but found [429],
	expected [200] but found [429]
	at apiTestCases.GetUserInfoTest.getUserInfo(GetUserInfoTest.java:33)
	at java.base/java.util.ArrayList.forEach(ArrayList.java:1511)
... Removed 29 stack frames
</div> <!-- stack-trace -->
                </div> <!-- method-content -->
              </div> <!-- method -->
              <div class="method">
                <div class="method-content">
                  <a name="getUserInfo(kevin, 50)">
                  </a> <!-- getUserInfo(kevin, 50) -->
                  <span class="method-name">getUserInfo</span>
                  <span class="parameters">(kevin, 50)</span>
                  <div class="stack-trace">java.lang.AssertionError: The following asserts failed:
	expected [200] but found [429],
	expected [200] but found [429],
	expected [200] but found [429],
	expected [200] but found [429],
	expected [200] but found [429],
	expected [200] but found [429],
	expected [200] but found [429],
	expected [200] but found [429],
	expected [200] but found [429],
	expected [200] but found [429],
	expected [200] but found [429],
	expected [200] but found [429],
	expected [200] but found [429],
	expected [200] but found [429],
	expected [200] but found [429],
	expected [200] but found [429]
	at apiTestCases.GetUserInfoTest.getUserInfo(GetUserInfoTest.java:33)
	at java.base/java.util.ArrayList.forEach(ArrayList.java:1511)
... Removed 29 stack frames
</div> <!-- stack-trace -->
                </div> <!-- method-content -->
              </div> <!-- method -->
            </div> <!-- main-panel-content rounded-window-bottom -->
          </div> <!-- suite-Suite-class-failed -->
          <div class="suite-Suite-class-failed">
            <div class="main-panel-header rounded-window-top">
              <img src="failed.png"/>
              <span class="class-name">apiTestCases.ValidateUserInfoTest</span>
            </div> <!-- main-panel-header rounded-window-top -->
            <div class="main-panel-content rounded-window-bottom">
              <div class="method">
                <div class="method-content">
                  <a name="validateUserInfoTest(kevin, 50)">
                  </a> <!-- validateUserInfoTest(kevin, 50) -->
                  <span class="method-name">validateUserInfoTest</span>
                  <span class="parameters">(kevin, 50)</span>
                  <div class="stack-trace">java.lang.RuntimeException: java.lang.RuntimeException: com.fasterxml.jackson.databind.exc.UnrecognizedPropertyException: Unrecognized field &quot;error&quot; (class pojo.UserDetails), not marked as ignorable (3 known properties: &quot;name&quot;, &quot;count&quot;, &quot;age&quot;])
 at [Source: (String)&quot;{&quot;error&quot;:&quot;Request limit reached&quot;}&quot;; line: 1, column: 11] (through reference chain: pojo.UserDetails[&quot;error&quot;])
	at apiTestCases.ValidateUserInfoTest.validateUserInfoTest(ValidateUserInfoTest.java:30)
	at java.base/java.util.ArrayList.forEach(ArrayList.java:1511)
Caused by: java.lang.RuntimeException: com.fasterxml.jackson.databind.exc.UnrecognizedPropertyException: Unrecognized field &quot;error&quot; (class pojo.UserDetails), not marked as ignorable (3 known properties: &quot;name&quot;, &quot;count&quot;, &quot;age&quot;])
 at [Source: (String)&quot;{&quot;error&quot;:&quot;Request limit reached&quot;}&quot;; line: 1, column: 11] (through reference chain: pojo.UserDetails[&quot;error&quot;])
	at io.restassured.internal.path.json.mapping.JsonPathJackson2ObjectDeserializer.deserialize(JsonPathJackson2ObjectDeserializer.java:30)
	at io.restassured.path.json.mapping.JsonPathObjectDeserializer$deserialize.call(Unknown Source)
	at io.restassured.internal.mapping.Jackson2Mapper.deserialize(Jackson2Mapper.groovy:58)
	at io.restassured.mapper.ObjectMapper$deserialize.call(Unknown Source)
	at io.restassured.internal.mapping.ObjectMapping.parseWithJackson2(ObjectMapping.groovy:254)
	at io.restassured.internal.mapping.ObjectMapping$parseWithJackson2$0.callStatic(Unknown Source)
	at io.restassured.internal.mapping.ObjectMapping.deserialize(ObjectMapping.groovy:56)
	at io.restassured.internal.mapping.ObjectMapping$deserialize.call(Unknown Source)
	at io.restassured.internal.RestAssuredResponseOptionsGroovyImpl.as(RestAssuredResponseOptionsGroovyImpl.groovy:229)
	at io.restassured.internal.RestAssuredResponseOptionsImpl.as(RestAssuredResponseOptionsImpl.java:169)
	at helpers.GetUserInfoAPI.ValidateUserInfo(GetUserInfoAPI.java:37)
	at apiTestCases.ValidateUserInfoTest.validateUserInfoTest(ValidateUserInfoTest.java:23)
	... 28 more
Caused by: com.fasterxml.jackson.databind.exc.UnrecognizedPropertyException: Unrecognized field &quot;error&quot; (class pojo.UserDetails), not marked as ignorable (3 known properties: &quot;name&quot;, &quot;count&quot;, &quot;age&quot;])
 at [Source: (String)&quot;{&quot;error&quot;:&quot;Request limit reached&quot;}&quot;; line: 1, column: 11] (through reference chain: pojo.UserDetails[&quot;error&quot;])
	at com.fasterxml.jackson.databind.exc.UnrecognizedPropertyException.from(UnrecognizedPropertyException.java:61)
	at com.fasterxml.jackson.databind.DeserializationContext.handleUnknownProperty(DeserializationContext.java:840)
	at com.fasterxml.jackson.databind.deser.std.StdDeserializer.handleUnknownProperty(StdDeserializer.java:1179)
	at com.fasterxml.jackson.databind.deser.BeanDeserializerBase.handleUnknownProperty(BeanDeserializerBase.java:1592)
	at com.fasterxml.jackson.databind.deser.BeanDeserializerBase.handleUnknownVanilla(BeanDeserializerBase.java:1570)
	at com.fasterxml.jackson.databind.deser.BeanDeserializer.vanillaDeserialize(BeanDeserializer.java:294)
	at com.fasterxml.jackson.databind.deser.BeanDeserializer.deserialize(BeanDeserializer.java:151)
	at com.fasterxml.jackson.databind.ObjectMapper._readMapAndClose(ObjectMapper.java:4202)
	at com.fasterxml.jackson.databind.ObjectMapper.readValue(ObjectMapper.java:3205)
	at io.restassured.internal.path.json.mapping.JsonPathJackson2ObjectDeserializer.deserialize(JsonPathJackson2ObjectDeserializer.java:28)
	... 39 more
... Removed 27 stack frames
</div> <!-- stack-trace -->
                </div> <!-- method-content -->
              </div> <!-- method -->
              <div class="method">
                <div class="method-content">
                  <a name="validateUserInfoTest(amanda, 46)">
                  </a> <!-- validateUserInfoTest(amanda, 46) -->
                  <span class="method-name">validateUserInfoTest</span>
                  <span class="parameters">(amanda, 46)</span>
                  <div class="stack-trace">java.lang.RuntimeException: java.lang.RuntimeException: com.fasterxml.jackson.databind.exc.UnrecognizedPropertyException: Unrecognized field &quot;error&quot; (class pojo.UserDetails), not marked as ignorable (3 known properties: &quot;name&quot;, &quot;count&quot;, &quot;age&quot;])
 at [Source: (String)&quot;{&quot;error&quot;:&quot;Request limit reached&quot;}&quot;; line: 1, column: 11] (through reference chain: pojo.UserDetails[&quot;error&quot;])
	at apiTestCases.ValidateUserInfoTest.validateUserInfoTest(ValidateUserInfoTest.java:30)
	at java.base/java.util.ArrayList.forEach(ArrayList.java:1511)
Caused by: java.lang.RuntimeException: com.fasterxml.jackson.databind.exc.UnrecognizedPropertyException: Unrecognized field &quot;error&quot; (class pojo.UserDetails), not marked as ignorable (3 known properties: &quot;name&quot;, &quot;count&quot;, &quot;age&quot;])
 at [Source: (String)&quot;{&quot;error&quot;:&quot;Request limit reached&quot;}&quot;; line: 1, column: 11] (through reference chain: pojo.UserDetails[&quot;error&quot;])
	at io.restassured.internal.path.json.mapping.JsonPathJackson2ObjectDeserializer.deserialize(JsonPathJackson2ObjectDeserializer.java:30)
	at io.restassured.path.json.mapping.JsonPathObjectDeserializer$deserialize.call(Unknown Source)
	at io.restassured.internal.mapping.Jackson2Mapper.deserialize(Jackson2Mapper.groovy:58)
	at io.restassured.mapper.ObjectMapper$deserialize.call(Unknown Source)
	at io.restassured.internal.mapping.ObjectMapping.parseWithJackson2(ObjectMapping.groovy:254)
	at io.restassured.internal.mapping.ObjectMapping$parseWithJackson2$0.callStatic(Unknown Source)
	at io.restassured.internal.mapping.ObjectMapping.deserialize(ObjectMapping.groovy:56)
	at io.restassured.internal.mapping.ObjectMapping$deserialize.call(Unknown Source)
	at io.restassured.internal.RestAssuredResponseOptionsGroovyImpl.as(RestAssuredResponseOptionsGroovyImpl.groovy:229)
	at io.restassured.internal.RestAssuredResponseOptionsImpl.as(RestAssuredResponseOptionsImpl.java:169)
	at helpers.GetUserInfoAPI.ValidateUserInfo(GetUserInfoAPI.java:37)
	at apiTestCases.ValidateUserInfoTest.validateUserInfoTest(ValidateUserInfoTest.java:23)
	... 27 more
Caused by: com.fasterxml.jackson.databind.exc.UnrecognizedPropertyException: Unrecognized field &quot;error&quot; (class pojo.UserDetails), not marked as ignorable (3 known properties: &quot;name&quot;, &quot;count&quot;, &quot;age&quot;])
 at [Source: (String)&quot;{&quot;error&quot;:&quot;Request limit reached&quot;}&quot;; line: 1, column: 11] (through reference chain: pojo.UserDetails[&quot;error&quot;])
	at com.fasterxml.jackson.databind.exc.UnrecognizedPropertyException.from(UnrecognizedPropertyException.java:61)
	at com.fasterxml.jackson.databind.DeserializationContext.handleUnknownProperty(DeserializationContext.java:840)
	at com.fasterxml.jackson.databind.deser.std.StdDeserializer.handleUnknownProperty(StdDeserializer.java:1179)
	at com.fasterxml.jackson.databind.deser.BeanDeserializerBase.handleUnknownProperty(BeanDeserializerBase.java:1592)
	at com.fasterxml.jackson.databind.deser.BeanDeserializerBase.handleUnknownVanilla(BeanDeserializerBase.java:1570)
	at com.fasterxml.jackson.databind.deser.BeanDeserializer.vanillaDeserialize(BeanDeserializer.java:294)
	at com.fasterxml.jackson.databind.deser.BeanDeserializer.deserialize(BeanDeserializer.java:151)
	at com.fasterxml.jackson.databind.ObjectMapper._readMapAndClose(ObjectMapper.java:4202)
	at com.fasterxml.jackson.databind.ObjectMapper.readValue(ObjectMapper.java:3205)
	at io.restassured.internal.path.json.mapping.JsonPathJackson2ObjectDeserializer.deserialize(JsonPathJackson2ObjectDeserializer.java:28)
	... 38 more
... Removed 26 stack frames
</div> <!-- stack-trace -->
                </div> <!-- method-content -->
              </div> <!-- method -->
              <div class="method">
                <div class="method-content">
                  <a name="validateUserInfoTest(jerry, 75)">
                  </a> <!-- validateUserInfoTest(jerry, 75) -->
                  <span class="method-name">validateUserInfoTest</span>
                  <span class="parameters">(jerry, 75)</span>
                  <div class="stack-trace">java.lang.RuntimeException: java.lang.RuntimeException: com.fasterxml.jackson.databind.exc.UnrecognizedPropertyException: Unrecognized field &quot;error&quot; (class pojo.UserDetails), not marked as ignorable (3 known properties: &quot;name&quot;, &quot;count&quot;, &quot;age&quot;])
 at [Source: (String)&quot;{&quot;error&quot;:&quot;Request limit reached&quot;}&quot;; line: 1, column: 11] (through reference chain: pojo.UserDetails[&quot;error&quot;])
	at apiTestCases.ValidateUserInfoTest.validateUserInfoTest(ValidateUserInfoTest.java:30)
	at java.base/java.util.ArrayList.forEach(ArrayList.java:1511)
Caused by: java.lang.RuntimeException: com.fasterxml.jackson.databind.exc.UnrecognizedPropertyException: Unrecognized field &quot;error&quot; (class pojo.UserDetails), not marked as ignorable (3 known properties: &quot;name&quot;, &quot;count&quot;, &quot;age&quot;])
 at [Source: (String)&quot;{&quot;error&quot;:&quot;Request limit reached&quot;}&quot;; line: 1, column: 11] (through reference chain: pojo.UserDetails[&quot;error&quot;])
	at io.restassured.internal.path.json.mapping.JsonPathJackson2ObjectDeserializer.deserialize(JsonPathJackson2ObjectDeserializer.java:30)
	at io.restassured.path.json.mapping.JsonPathObjectDeserializer$deserialize.call(Unknown Source)
	at io.restassured.internal.mapping.Jackson2Mapper.deserialize(Jackson2Mapper.groovy:58)
	at io.restassured.mapper.ObjectMapper$deserialize.call(Unknown Source)
	at io.restassured.internal.mapping.ObjectMapping.parseWithJackson2(ObjectMapping.groovy:254)
	at io.restassured.internal.mapping.ObjectMapping$parseWithJackson2$0.callStatic(Unknown Source)
	at io.restassured.internal.mapping.ObjectMapping.deserialize(ObjectMapping.groovy:56)
	at io.restassured.internal.mapping.ObjectMapping$deserialize.call(Unknown Source)
	at io.restassured.internal.RestAssuredResponseOptionsGroovyImpl.as(RestAssuredResponseOptionsGroovyImpl.groovy:229)
	at io.restassured.internal.RestAssuredResponseOptionsImpl.as(RestAssuredResponseOptionsImpl.java:169)
	at helpers.GetUserInfoAPI.ValidateUserInfo(GetUserInfoAPI.java:37)
	at apiTestCases.ValidateUserInfoTest.validateUserInfoTest(ValidateUserInfoTest.java:23)
	... 28 more
Caused by: com.fasterxml.jackson.databind.exc.UnrecognizedPropertyException: Unrecognized field &quot;error&quot; (class pojo.UserDetails), not marked as ignorable (3 known properties: &quot;name&quot;, &quot;count&quot;, &quot;age&quot;])
 at [Source: (String)&quot;{&quot;error&quot;:&quot;Request limit reached&quot;}&quot;; line: 1, column: 11] (through reference chain: pojo.UserDetails[&quot;error&quot;])
	at com.fasterxml.jackson.databind.exc.UnrecognizedPropertyException.from(UnrecognizedPropertyException.java:61)
	at com.fasterxml.jackson.databind.DeserializationContext.handleUnknownProperty(DeserializationContext.java:840)
	at com.fasterxml.jackson.databind.deser.std.StdDeserializer.handleUnknownProperty(StdDeserializer.java:1179)
	at com.fasterxml.jackson.databind.deser.BeanDeserializerBase.handleUnknownProperty(BeanDeserializerBase.java:1592)
	at com.fasterxml.jackson.databind.deser.BeanDeserializerBase.handleUnknownVanilla(BeanDeserializerBase.java:1570)
	at com.fasterxml.jackson.databind.deser.BeanDeserializer.vanillaDeserialize(BeanDeserializer.java:294)
	at com.fasterxml.jackson.databind.deser.BeanDeserializer.deserialize(BeanDeserializer.java:151)
	at com.fasterxml.jackson.databind.ObjectMapper._readMapAndClose(ObjectMapper.java:4202)
	at com.fasterxml.jackson.databind.ObjectMapper.readValue(ObjectMapper.java:3205)
	at io.restassured.internal.path.json.mapping.JsonPathJackson2ObjectDeserializer.deserialize(JsonPathJackson2ObjectDeserializer.java:28)
	... 39 more
... Removed 27 stack frames
</div> <!-- stack-trace -->
                </div> <!-- method-content -->
              </div> <!-- method -->
              <div class="method">
                <div class="method-content">
                  <a name="validateUserInfoTest(john , 73)">
                  </a> <!-- validateUserInfoTest(john , 73) -->
                  <span class="method-name">validateUserInfoTest</span>
                  <span class="parameters">(john , 73)</span>
                  <div class="stack-trace">java.lang.RuntimeException: java.lang.RuntimeException: com.fasterxml.jackson.databind.exc.UnrecognizedPropertyException: Unrecognized field &quot;error&quot; (class pojo.UserDetails), not marked as ignorable (3 known properties: &quot;name&quot;, &quot;count&quot;, &quot;age&quot;])
 at [Source: (String)&quot;{&quot;error&quot;:&quot;Request limit reached&quot;}&quot;; line: 1, column: 11] (through reference chain: pojo.UserDetails[&quot;error&quot;])
	at apiTestCases.ValidateUserInfoTest.validateUserInfoTest(ValidateUserInfoTest.java:30)
	at java.base/java.util.ArrayList.forEach(ArrayList.java:1511)
Caused by: java.lang.RuntimeException: com.fasterxml.jackson.databind.exc.UnrecognizedPropertyException: Unrecognized field &quot;error&quot; (class pojo.UserDetails), not marked as ignorable (3 known properties: &quot;name&quot;, &quot;count&quot;, &quot;age&quot;])
 at [Source: (String)&quot;{&quot;error&quot;:&quot;Request limit reached&quot;}&quot;; line: 1, column: 11] (through reference chain: pojo.UserDetails[&quot;error&quot;])
	at io.restassured.internal.path.json.mapping.JsonPathJackson2ObjectDeserializer.deserialize(JsonPathJackson2ObjectDeserializer.java:30)
	at io.restassured.path.json.mapping.JsonPathObjectDeserializer$deserialize.call(Unknown Source)
	at io.restassured.internal.mapping.Jackson2Mapper.deserialize(Jackson2Mapper.groovy:58)
	at io.restassured.mapper.ObjectMapper$deserialize.call(Unknown Source)
	at io.restassured.internal.mapping.ObjectMapping.parseWithJackson2(ObjectMapping.groovy:254)
	at io.restassured.internal.mapping.ObjectMapping$parseWithJackson2$0.callStatic(Unknown Source)
	at io.restassured.internal.mapping.ObjectMapping.deserialize(ObjectMapping.groovy:56)
	at io.restassured.internal.mapping.ObjectMapping$deserialize.call(Unknown Source)
	at io.restassured.internal.RestAssuredResponseOptionsGroovyImpl.as(RestAssuredResponseOptionsGroovyImpl.groovy:229)
	at io.restassured.internal.RestAssuredResponseOptionsImpl.as(RestAssuredResponseOptionsImpl.java:169)
	at helpers.GetUserInfoAPI.ValidateUserInfo(GetUserInfoAPI.java:37)
	at apiTestCases.ValidateUserInfoTest.validateUserInfoTest(ValidateUserInfoTest.java:23)
	... 28 more
Caused by: com.fasterxml.jackson.databind.exc.UnrecognizedPropertyException: Unrecognized field &quot;error&quot; (class pojo.UserDetails), not marked as ignorable (3 known properties: &quot;name&quot;, &quot;count&quot;, &quot;age&quot;])
 at [Source: (String)&quot;{&quot;error&quot;:&quot;Request limit reached&quot;}&quot;; line: 1, column: 11] (through reference chain: pojo.UserDetails[&quot;error&quot;])
	at com.fasterxml.jackson.databind.exc.UnrecognizedPropertyException.from(UnrecognizedPropertyException.java:61)
	at com.fasterxml.jackson.databind.DeserializationContext.handleUnknownProperty(DeserializationContext.java:840)
	at com.fasterxml.jackson.databind.deser.std.StdDeserializer.handleUnknownProperty(StdDeserializer.java:1179)
	at com.fasterxml.jackson.databind.deser.BeanDeserializerBase.handleUnknownProperty(BeanDeserializerBase.java:1592)
	at com.fasterxml.jackson.databind.deser.BeanDeserializerBase.handleUnknownVanilla(BeanDeserializerBase.java:1570)
	at com.fasterxml.jackson.databind.deser.BeanDeserializer.vanillaDeserialize(BeanDeserializer.java:294)
	at com.fasterxml.jackson.databind.deser.BeanDeserializer.deserialize(BeanDeserializer.java:151)
	at com.fasterxml.jackson.databind.ObjectMapper._readMapAndClose(ObjectMapper.java:4202)
	at com.fasterxml.jackson.databind.ObjectMapper.readValue(ObjectMapper.java:3205)
	at io.restassured.internal.path.json.mapping.JsonPathJackson2ObjectDeserializer.deserialize(JsonPathJackson2ObjectDeserializer.java:28)
	... 39 more
... Removed 27 stack frames
</div> <!-- stack-trace -->
                </div> <!-- method-content -->
              </div> <!-- method -->
              <div class="method">
                <div class="method-content">
                  <a name="validateUserInfoTest(tom , 66)">
                  </a> <!-- validateUserInfoTest(tom , 66) -->
                  <span class="method-name">validateUserInfoTest</span>
                  <span class="parameters">(tom , 66)</span>
                  <div class="stack-trace">java.lang.RuntimeException: java.lang.RuntimeException: com.fasterxml.jackson.databind.exc.UnrecognizedPropertyException: Unrecognized field &quot;error&quot; (class pojo.UserDetails), not marked as ignorable (3 known properties: &quot;name&quot;, &quot;count&quot;, &quot;age&quot;])
 at [Source: (String)&quot;{&quot;error&quot;:&quot;Request limit reached&quot;}&quot;; line: 1, column: 11] (through reference chain: pojo.UserDetails[&quot;error&quot;])
	at apiTestCases.ValidateUserInfoTest.validateUserInfoTest(ValidateUserInfoTest.java:30)
	at java.base/java.util.ArrayList.forEach(ArrayList.java:1511)
Caused by: java.lang.RuntimeException: com.fasterxml.jackson.databind.exc.UnrecognizedPropertyException: Unrecognized field &quot;error&quot; (class pojo.UserDetails), not marked as ignorable (3 known properties: &quot;name&quot;, &quot;count&quot;, &quot;age&quot;])
 at [Source: (String)&quot;{&quot;error&quot;:&quot;Request limit reached&quot;}&quot;; line: 1, column: 11] (through reference chain: pojo.UserDetails[&quot;error&quot;])
	at io.restassured.internal.path.json.mapping.JsonPathJackson2ObjectDeserializer.deserialize(JsonPathJackson2ObjectDeserializer.java:30)
	at io.restassured.path.json.mapping.JsonPathObjectDeserializer$deserialize.call(Unknown Source)
	at io.restassured.internal.mapping.Jackson2Mapper.deserialize(Jackson2Mapper.groovy:58)
	at io.restassured.mapper.ObjectMapper$deserialize.call(Unknown Source)
	at io.restassured.internal.mapping.ObjectMapping.parseWithJackson2(ObjectMapping.groovy:254)
	at io.restassured.internal.mapping.ObjectMapping$parseWithJackson2$0.callStatic(Unknown Source)
	at io.restassured.internal.mapping.ObjectMapping.deserialize(ObjectMapping.groovy:56)
	at io.restassured.internal.mapping.ObjectMapping$deserialize.call(Unknown Source)
	at io.restassured.internal.RestAssuredResponseOptionsGroovyImpl.as(RestAssuredResponseOptionsGroovyImpl.groovy:229)
	at io.restassured.internal.RestAssuredResponseOptionsImpl.as(RestAssuredResponseOptionsImpl.java:169)
	at helpers.GetUserInfoAPI.ValidateUserInfo(GetUserInfoAPI.java:37)
	at apiTestCases.ValidateUserInfoTest.validateUserInfoTest(ValidateUserInfoTest.java:23)
	... 28 more
Caused by: com.fasterxml.jackson.databind.exc.UnrecognizedPropertyException: Unrecognized field &quot;error&quot; (class pojo.UserDetails), not marked as ignorable (3 known properties: &quot;name&quot;, &quot;count&quot;, &quot;age&quot;])
 at [Source: (String)&quot;{&quot;error&quot;:&quot;Request limit reached&quot;}&quot;; line: 1, column: 11] (through reference chain: pojo.UserDetails[&quot;error&quot;])
	at com.fasterxml.jackson.databind.exc.UnrecognizedPropertyException.from(UnrecognizedPropertyException.java:61)
	at com.fasterxml.jackson.databind.DeserializationContext.handleUnknownProperty(DeserializationContext.java:840)
	at com.fasterxml.jackson.databind.deser.std.StdDeserializer.handleUnknownProperty(StdDeserializer.java:1179)
	at com.fasterxml.jackson.databind.deser.BeanDeserializerBase.handleUnknownProperty(BeanDeserializerBase.java:1592)
	at com.fasterxml.jackson.databind.deser.BeanDeserializerBase.handleUnknownVanilla(BeanDeserializerBase.java:1570)
	at com.fasterxml.jackson.databind.deser.BeanDeserializer.vanillaDeserialize(BeanDeserializer.java:294)
	at com.fasterxml.jackson.databind.deser.BeanDeserializer.deserialize(BeanDeserializer.java:151)
	at com.fasterxml.jackson.databind.ObjectMapper._readMapAndClose(ObjectMapper.java:4202)
	at com.fasterxml.jackson.databind.ObjectMapper.readValue(ObjectMapper.java:3205)
	at io.restassured.internal.path.json.mapping.JsonPathJackson2ObjectDeserializer.deserialize(JsonPathJackson2ObjectDeserializer.java:28)
	... 39 more
... Removed 27 stack frames
</div> <!-- stack-trace -->
                </div> <!-- method-content -->
              </div> <!-- method -->
            </div> <!-- main-panel-content rounded-window-bottom -->
          </div> <!-- suite-Suite-class-failed -->
          <div class="suite-Suite-class-skipped">
            <div class="main-panel-header rounded-window-top">
              <img src="skipped.png"/>
              <span class="class-name">apiTestCases.GetUserInfoTest</span>
            </div> <!-- main-panel-header rounded-window-top -->
            <div class="main-panel-content rounded-window-bottom">
              <div class="method">
                <div class="method-content">
                  <a name="getUserInfo(tom , 66)">
                  </a> <!-- getUserInfo(tom , 66) -->
                  <span class="method-name">getUserInfo</span>
                  <span class="parameters">(tom , 66)</span>
                  <div class="stack-trace">java.lang.AssertionError: The following asserts failed:
	expected [200] but found [429],
	expected [200] but found [429],
	expected [200] but found [429],
	expected [200] but found [429],
	expected [200] but found [429]
	at apiTestCases.GetUserInfoTest.getUserInfo(GetUserInfoTest.java:33)
	at java.base/java.util.ArrayList.forEach(ArrayList.java:1511)
... Removed 29 stack frames
</div> <!-- stack-trace -->
                </div> <!-- method-content -->
              </div> <!-- method -->
              <div class="method">
                <div class="method-content">
                  <a name="getUserInfo(john , 73)">
                  </a> <!-- getUserInfo(john , 73) -->
                  <span class="method-name">getUserInfo</span>
                  <span class="parameters">(john , 73)</span>
                  <div class="stack-trace">java.lang.AssertionError: The following asserts failed:
	expected [200] but found [429],
	expected [200] but found [429]
	at apiTestCases.GetUserInfoTest.getUserInfo(GetUserInfoTest.java:33)
	at java.base/java.util.ArrayList.forEach(ArrayList.java:1511)
... Removed 29 stack frames
</div> <!-- stack-trace -->
                </div> <!-- method-content -->
              </div> <!-- method -->
              <div class="method">
                <div class="method-content">
                  <a name="getUserInfo(kevin, 50)">
                  </a> <!-- getUserInfo(kevin, 50) -->
                  <span class="method-name">getUserInfo</span>
                  <span class="parameters">(kevin, 50)</span>
                  <div class="stack-trace">java.lang.AssertionError: The following asserts failed:
	expected [200] but found [429],
	expected [200] but found [429],
	expected [200] but found [429],
	expected [200] but found [429],
	expected [200] but found [429],
	expected [200] but found [429],
	expected [200] but found [429],
	expected [200] but found [429],
	expected [200] but found [429],
	expected [200] but found [429],
	expected [200] but found [429],
	expected [200] but found [429],
	expected [200] but found [429],
	expected [200] but found [429],
	expected [200] but found [429]
	at apiTestCases.GetUserInfoTest.getUserInfo(GetUserInfoTest.java:33)
	at java.base/java.util.ArrayList.forEach(ArrayList.java:1511)
... Removed 29 stack frames
</div> <!-- stack-trace -->
                </div> <!-- method-content -->
              </div> <!-- method -->
              <div class="method">
                <div class="method-content">
                  <a name="getUserInfo(amanda, 46)">
                  </a> <!-- getUserInfo(amanda, 46) -->
                  <span class="method-name">getUserInfo</span>
                  <span class="parameters">(amanda, 46)</span>
                  <div class="stack-trace">java.lang.AssertionError: The following asserts failed:
	expected [200] but found [429],
	expected [200] but found [429],
	expected [200] but found [429],
	expected [200] but found [429],
	expected [200] but found [429],
	expected [200] but found [429],
	expected [200] but found [429],
	expected [200] but found [429],
	expected [200] but found [429],
	expected [200] but found [429],
	expected [200] but found [429],
	expected [200] but found [429],
	expected [200] but found [429],
	expected [200] but found [429],
	expected [200] but found [429],
	expected [200] but found [429],
	expected [200] but found [429],
	expected [200] but found [429]
	at apiTestCases.GetUserInfoTest.getUserInfo(GetUserInfoTest.java:33)
	at java.base/java.util.ArrayList.forEach(ArrayList.java:1511)
... Removed 28 stack frames
</div> <!-- stack-trace -->
                </div> <!-- method-content -->
              </div> <!-- method -->
              <div class="method">
                <div class="method-content">
                  <a name="getUserInfo(amanda, 46)">
                  </a> <!-- getUserInfo(amanda, 46) -->
                  <span class="method-name">getUserInfo</span>
                  <span class="parameters">(amanda, 46)</span>
                  <div class="stack-trace">java.lang.AssertionError: The following asserts failed:
	expected [200] but found [429],
	expected [200] but found [429],
	expected [200] but found [429],
	expected [200] but found [429],
	expected [200] but found [429],
	expected [200] but found [429],
	expected [200] but found [429],
	expected [200] but found [429],
	expected [200] but found [429],
	expected [200] but found [429],
	expected [200] but found [429],
	expected [200] but found [429],
	expected [200] but found [429],
	expected [200] but found [429],
	expected [200] but found [429],
	expected [200] but found [429],
	expected [200] but found [429],
	expected [200] but found [429],
	expected [200] but found [429]
	at apiTestCases.GetUserInfoTest.getUserInfo(GetUserInfoTest.java:33)
	at java.base/java.util.ArrayList.forEach(ArrayList.java:1511)
... Removed 28 stack frames
</div> <!-- stack-trace -->
                </div> <!-- method-content -->
              </div> <!-- method -->
              <div class="method">
                <div class="method-content">
                  <a name="getUserInfo(john , 73)">
                  </a> <!-- getUserInfo(john , 73) -->
                  <span class="method-name">getUserInfo</span>
                  <span class="parameters">(john , 73)</span>
                  <div class="stack-trace">java.lang.AssertionError: The following asserts failed:
	expected [200] but found [429],
	expected [200] but found [429],
	expected [200] but found [429]
	at apiTestCases.GetUserInfoTest.getUserInfo(GetUserInfoTest.java:33)
	at java.base/java.util.ArrayList.forEach(ArrayList.java:1511)
... Removed 29 stack frames
</div> <!-- stack-trace -->
                </div> <!-- method-content -->
              </div> <!-- method -->
              <div class="method">
                <div class="method-content">
                  <a name="getUserInfo(tom , 66)">
                  </a> <!-- getUserInfo(tom , 66) -->
                  <span class="method-name">getUserInfo</span>
                  <span class="parameters">(tom , 66)</span>
                  <div class="stack-trace">java.lang.AssertionError: The following asserts failed:
	expected [200] but found [429],
	expected [200] but found [429],
	expected [200] but found [429],
	expected [200] but found [429],
	expected [200] but found [429],
	expected [200] but found [429]
	at apiTestCases.GetUserInfoTest.getUserInfo(GetUserInfoTest.java:33)
	at java.base/java.util.ArrayList.forEach(ArrayList.java:1511)
... Removed 29 stack frames
</div> <!-- stack-trace -->
                </div> <!-- method-content -->
              </div> <!-- method -->
              <div class="method">
                <div class="method-content">
                  <a name="getUserInfo(amanda, 46)">
                  </a> <!-- getUserInfo(amanda, 46) -->
                  <span class="method-name">getUserInfo</span>
                  <span class="parameters">(amanda, 46)</span>
                  <div class="stack-trace">java.lang.AssertionError: The following asserts failed:
	expected [200] but found [429],
	expected [200] but found [429],
	expected [200] but found [429],
	expected [200] but found [429],
	expected [200] but found [429],
	expected [200] but found [429],
	expected [200] but found [429],
	expected [200] but found [429],
	expected [200] but found [429],
	expected [200] but found [429],
	expected [200] but found [429],
	expected [200] but found [429],
	expected [200] but found [429],
	expected [200] but found [429],
	expected [200] but found [429],
	expected [200] but found [429],
	expected [200] but found [429]
	at apiTestCases.GetUserInfoTest.getUserInfo(GetUserInfoTest.java:33)
	at java.base/java.util.ArrayList.forEach(ArrayList.java:1511)
... Removed 28 stack frames
</div> <!-- stack-trace -->
                </div> <!-- method-content -->
              </div> <!-- method -->
              <div class="method">
                <div class="method-content">
                  <a name="getUserInfo(jerry, 75)">
                  </a> <!-- getUserInfo(jerry, 75) -->
                  <span class="method-name">getUserInfo</span>
                  <span class="parameters">(jerry, 75)</span>
                  <div class="stack-trace">java.lang.AssertionError: The following asserts failed:
	expected [200] but found [429],
	expected [200] but found [429],
	expected [200] but found [429],
	expected [200] but found [429],
	expected [200] but found [429],
	expected [200] but found [429],
	expected [200] but found [429],
	expected [200] but found [429],
	expected [200] but found [429],
	expected [200] but found [429],
	expected [200] but found [429]
	at apiTestCases.GetUserInfoTest.getUserInfo(GetUserInfoTest.java:33)
	at java.base/java.util.ArrayList.forEach(ArrayList.java:1511)
... Removed 29 stack frames
</div> <!-- stack-trace -->
                </div> <!-- method-content -->
              </div> <!-- method -->
              <div class="method">
                <div class="method-content">
                  <a name="getUserInfo(john , 73)">
                  </a> <!-- getUserInfo(john , 73) -->
                  <span class="method-name">getUserInfo</span>
                  <span class="parameters">(john , 73)</span>
                  <div class="stack-trace">java.lang.AssertionError: The following asserts failed:
	expected [200] but found [429]
	at apiTestCases.GetUserInfoTest.getUserInfo(GetUserInfoTest.java:33)
	at java.base/java.util.ArrayList.forEach(ArrayList.java:1511)
... Removed 29 stack frames
</div> <!-- stack-trace -->
                </div> <!-- method-content -->
              </div> <!-- method -->
              <div class="method">
                <div class="method-content">
                  <a name="getUserInfo(kevin, 50)">
                  </a> <!-- getUserInfo(kevin, 50) -->
                  <span class="method-name">getUserInfo</span>
                  <span class="parameters">(kevin, 50)</span>
                  <div class="stack-trace">java.lang.AssertionError: The following asserts failed:
	expected [200] but found [429],
	expected [200] but found [429],
	expected [200] but found [429],
	expected [200] but found [429],
	expected [200] but found [429],
	expected [200] but found [429],
	expected [200] but found [429],
	expected [200] but found [429],
	expected [200] but found [429],
	expected [200] but found [429],
	expected [200] but found [429],
	expected [200] but found [429],
	expected [200] but found [429]
	at apiTestCases.GetUserInfoTest.getUserInfo(GetUserInfoTest.java:33)
	at java.base/java.util.ArrayList.forEach(ArrayList.java:1511)
... Removed 29 stack frames
</div> <!-- stack-trace -->
                </div> <!-- method-content -->
              </div> <!-- method -->
              <div class="method">
                <div class="method-content">
                  <a name="getUserInfo(tom , 66)">
                  </a> <!-- getUserInfo(tom , 66) -->
                  <span class="method-name">getUserInfo</span>
                  <span class="parameters">(tom , 66)</span>
                  <div class="stack-trace">java.lang.AssertionError: The following asserts failed:
	expected [200] but found [429],
	expected [200] but found [429],
	expected [200] but found [429],
	expected [200] but found [429],
	expected [200] but found [429],
	expected [200] but found [429],
	expected [200] but found [429]
	at apiTestCases.GetUserInfoTest.getUserInfo(GetUserInfoTest.java:33)
	at java.base/java.util.ArrayList.forEach(ArrayList.java:1511)
... Removed 29 stack frames
</div> <!-- stack-trace -->
                </div> <!-- method-content -->
              </div> <!-- method -->
              <div class="method">
                <div class="method-content">
                  <a name="getUserInfo(jerry, 75)">
                  </a> <!-- getUserInfo(jerry, 75) -->
                  <span class="method-name">getUserInfo</span>
                  <span class="parameters">(jerry, 75)</span>
                  <div class="stack-trace">java.lang.AssertionError: The following asserts failed:
	expected [200] but found [429],
	expected [200] but found [429],
	expected [200] but found [429],
	expected [200] but found [429],
	expected [200] but found [429],
	expected [200] but found [429],
	expected [200] but found [429],
	expected [200] but found [429],
	expected [200] but found [429],
	expected [200] but found [429]
	at apiTestCases.GetUserInfoTest.getUserInfo(GetUserInfoTest.java:33)
	at java.base/java.util.ArrayList.forEach(ArrayList.java:1511)
... Removed 29 stack frames
</div> <!-- stack-trace -->
                </div> <!-- method-content -->
              </div> <!-- method -->
              <div class="method">
                <div class="method-content">
                  <a name="getUserInfo(kevin, 50)">
                  </a> <!-- getUserInfo(kevin, 50) -->
                  <span class="method-name">getUserInfo</span>
                  <span class="parameters">(kevin, 50)</span>
                  <div class="stack-trace">java.lang.AssertionError: The following asserts failed:
	expected [200] but found [429],
	expected [200] but found [429],
	expected [200] but found [429],
	expected [200] but found [429],
	expected [200] but found [429],
	expected [200] but found [429],
	expected [200] but found [429],
	expected [200] but found [429],
	expected [200] but found [429],
	expected [200] but found [429],
	expected [200] but found [429],
	expected [200] but found [429],
	expected [200] but found [429],
	expected [200] but found [429]
	at apiTestCases.GetUserInfoTest.getUserInfo(GetUserInfoTest.java:33)
	at java.base/java.util.ArrayList.forEach(ArrayList.java:1511)
... Removed 29 stack frames
</div> <!-- stack-trace -->
                </div> <!-- method-content -->
              </div> <!-- method -->
              <div class="method">
                <div class="method-content">
                  <a name="getUserInfo(jerry, 75)">
                  </a> <!-- getUserInfo(jerry, 75) -->
                  <span class="method-name">getUserInfo</span>
                  <span class="parameters">(jerry, 75)</span>
                  <div class="stack-trace">java.lang.AssertionError: The following asserts failed:
	expected [200] but found [429],
	expected [200] but found [429],
	expected [200] but found [429],
	expected [200] but found [429],
	expected [200] but found [429],
	expected [200] but found [429],
	expected [200] but found [429],
	expected [200] but found [429],
	expected [200] but found [429]
	at apiTestCases.GetUserInfoTest.getUserInfo(GetUserInfoTest.java:33)
	at java.base/java.util.ArrayList.forEach(ArrayList.java:1511)
... Removed 29 stack frames
</div> <!-- stack-trace -->
                </div> <!-- method-content -->
              </div> <!-- method -->
            </div> <!-- main-panel-content rounded-window-bottom -->
          </div> <!-- suite-Suite-class-skipped -->
          <div class="suite-Suite-class-skipped">
            <div class="main-panel-header rounded-window-top">
              <img src="skipped.png"/>
              <span class="class-name">apiTestCases.ValidateUserInfoTest</span>
            </div> <!-- main-panel-header rounded-window-top -->
            <div class="main-panel-content rounded-window-bottom">
              <div class="method">
                <div class="method-content">
                  <a name="validateUserInfoTest(tom , 66)">
                  </a> <!-- validateUserInfoTest(tom , 66) -->
                  <span class="method-name">validateUserInfoTest</span>
                  <span class="parameters">(tom , 66)</span>
                  <div class="stack-trace">java.lang.RuntimeException: java.lang.RuntimeException: com.fasterxml.jackson.databind.exc.UnrecognizedPropertyException: Unrecognized field &quot;error&quot; (class pojo.UserDetails), not marked as ignorable (3 known properties: &quot;name&quot;, &quot;count&quot;, &quot;age&quot;])
 at [Source: (String)&quot;{&quot;error&quot;:&quot;Request limit reached&quot;}&quot;; line: 1, column: 11] (through reference chain: pojo.UserDetails[&quot;error&quot;])
	at apiTestCases.ValidateUserInfoTest.validateUserInfoTest(ValidateUserInfoTest.java:30)
	at java.base/java.util.ArrayList.forEach(ArrayList.java:1511)
Caused by: java.lang.RuntimeException: com.fasterxml.jackson.databind.exc.UnrecognizedPropertyException: Unrecognized field &quot;error&quot; (class pojo.UserDetails), not marked as ignorable (3 known properties: &quot;name&quot;, &quot;count&quot;, &quot;age&quot;])
 at [Source: (String)&quot;{&quot;error&quot;:&quot;Request limit reached&quot;}&quot;; line: 1, column: 11] (through reference chain: pojo.UserDetails[&quot;error&quot;])
	at io.restassured.internal.path.json.mapping.JsonPathJackson2ObjectDeserializer.deserialize(JsonPathJackson2ObjectDeserializer.java:30)
	at io.restassured.path.json.mapping.JsonPathObjectDeserializer$deserialize.call(Unknown Source)
	at io.restassured.internal.mapping.Jackson2Mapper.deserialize(Jackson2Mapper.groovy:58)
	at io.restassured.mapper.ObjectMapper$deserialize.call(Unknown Source)
	at io.restassured.internal.mapping.ObjectMapping.parseWithJackson2(ObjectMapping.groovy:254)
	at io.restassured.internal.mapping.ObjectMapping$parseWithJackson2$0.callStatic(Unknown Source)
	at io.restassured.internal.mapping.ObjectMapping.deserialize(ObjectMapping.groovy:56)
	at io.restassured.internal.mapping.ObjectMapping$deserialize.call(Unknown Source)
	at io.restassured.internal.RestAssuredResponseOptionsGroovyImpl.as(RestAssuredResponseOptionsGroovyImpl.groovy:229)
	at io.restassured.internal.RestAssuredResponseOptionsImpl.as(RestAssuredResponseOptionsImpl.java:169)
	at helpers.GetUserInfoAPI.ValidateUserInfo(GetUserInfoAPI.java:37)
	at apiTestCases.ValidateUserInfoTest.validateUserInfoTest(ValidateUserInfoTest.java:23)
	... 28 more
Caused by: com.fasterxml.jackson.databind.exc.UnrecognizedPropertyException: Unrecognized field &quot;error&quot; (class pojo.UserDetails), not marked as ignorable (3 known properties: &quot;name&quot;, &quot;count&quot;, &quot;age&quot;])
 at [Source: (String)&quot;{&quot;error&quot;:&quot;Request limit reached&quot;}&quot;; line: 1, column: 11] (through reference chain: pojo.UserDetails[&quot;error&quot;])
	at com.fasterxml.jackson.databind.exc.UnrecognizedPropertyException.from(UnrecognizedPropertyException.java:61)
	at com.fasterxml.jackson.databind.DeserializationContext.handleUnknownProperty(DeserializationContext.java:840)
	at com.fasterxml.jackson.databind.deser.std.StdDeserializer.handleUnknownProperty(StdDeserializer.java:1179)
	at com.fasterxml.jackson.databind.deser.BeanDeserializerBase.handleUnknownProperty(BeanDeserializerBase.java:1592)
	at com.fasterxml.jackson.databind.deser.BeanDeserializerBase.handleUnknownVanilla(BeanDeserializerBase.java:1570)
	at com.fasterxml.jackson.databind.deser.BeanDeserializer.vanillaDeserialize(BeanDeserializer.java:294)
	at com.fasterxml.jackson.databind.deser.BeanDeserializer.deserialize(BeanDeserializer.java:151)
	at com.fasterxml.jackson.databind.ObjectMapper._readMapAndClose(ObjectMapper.java:4202)
	at com.fasterxml.jackson.databind.ObjectMapper.readValue(ObjectMapper.java:3205)
	at io.restassured.internal.path.json.mapping.JsonPathJackson2ObjectDeserializer.deserialize(JsonPathJackson2ObjectDeserializer.java:28)
	... 39 more
... Removed 27 stack frames
</div> <!-- stack-trace -->
                </div> <!-- method-content -->
              </div> <!-- method -->
              <div class="method">
                <div class="method-content">
                  <a name="validateUserInfoTest(tom , 66)">
                  </a> <!-- validateUserInfoTest(tom , 66) -->
                  <span class="method-name">validateUserInfoTest</span>
                  <span class="parameters">(tom , 66)</span>
                  <div class="stack-trace">java.lang.RuntimeException: java.lang.RuntimeException: com.fasterxml.jackson.databind.exc.UnrecognizedPropertyException: Unrecognized field &quot;error&quot; (class pojo.UserDetails), not marked as ignorable (3 known properties: &quot;name&quot;, &quot;count&quot;, &quot;age&quot;])
 at [Source: (String)&quot;{&quot;error&quot;:&quot;Request limit reached&quot;}&quot;; line: 1, column: 11] (through reference chain: pojo.UserDetails[&quot;error&quot;])
	at apiTestCases.ValidateUserInfoTest.validateUserInfoTest(ValidateUserInfoTest.java:30)
	at java.base/java.util.ArrayList.forEach(ArrayList.java:1511)
Caused by: java.lang.RuntimeException: com.fasterxml.jackson.databind.exc.UnrecognizedPropertyException: Unrecognized field &quot;error&quot; (class pojo.UserDetails), not marked as ignorable (3 known properties: &quot;name&quot;, &quot;count&quot;, &quot;age&quot;])
 at [Source: (String)&quot;{&quot;error&quot;:&quot;Request limit reached&quot;}&quot;; line: 1, column: 11] (through reference chain: pojo.UserDetails[&quot;error&quot;])
	at io.restassured.internal.path.json.mapping.JsonPathJackson2ObjectDeserializer.deserialize(JsonPathJackson2ObjectDeserializer.java:30)
	at io.restassured.path.json.mapping.JsonPathObjectDeserializer$deserialize.call(Unknown Source)
	at io.restassured.internal.mapping.Jackson2Mapper.deserialize(Jackson2Mapper.groovy:58)
	at io.restassured.mapper.ObjectMapper$deserialize.call(Unknown Source)
	at io.restassured.internal.mapping.ObjectMapping.parseWithJackson2(ObjectMapping.groovy:254)
	at io.restassured.internal.mapping.ObjectMapping$parseWithJackson2$0.callStatic(Unknown Source)
	at io.restassured.internal.mapping.ObjectMapping.deserialize(ObjectMapping.groovy:56)
	at io.restassured.internal.mapping.ObjectMapping$deserialize.call(Unknown Source)
	at io.restassured.internal.RestAssuredResponseOptionsGroovyImpl.as(RestAssuredResponseOptionsGroovyImpl.groovy:229)
	at io.restassured.internal.RestAssuredResponseOptionsImpl.as(RestAssuredResponseOptionsImpl.java:169)
	at helpers.GetUserInfoAPI.ValidateUserInfo(GetUserInfoAPI.java:37)
	at apiTestCases.ValidateUserInfoTest.validateUserInfoTest(ValidateUserInfoTest.java:23)
	... 28 more
Caused by: com.fasterxml.jackson.databind.exc.UnrecognizedPropertyException: Unrecognized field &quot;error&quot; (class pojo.UserDetails), not marked as ignorable (3 known properties: &quot;name&quot;, &quot;count&quot;, &quot;age&quot;])
 at [Source: (String)&quot;{&quot;error&quot;:&quot;Request limit reached&quot;}&quot;; line: 1, column: 11] (through reference chain: pojo.UserDetails[&quot;error&quot;])
	at com.fasterxml.jackson.databind.exc.UnrecognizedPropertyException.from(UnrecognizedPropertyException.java:61)
	at com.fasterxml.jackson.databind.DeserializationContext.handleUnknownProperty(DeserializationContext.java:840)
	at com.fasterxml.jackson.databind.deser.std.StdDeserializer.handleUnknownProperty(StdDeserializer.java:1179)
	at com.fasterxml.jackson.databind.deser.BeanDeserializerBase.handleUnknownProperty(BeanDeserializerBase.java:1592)
	at com.fasterxml.jackson.databind.deser.BeanDeserializerBase.handleUnknownVanilla(BeanDeserializerBase.java:1570)
	at com.fasterxml.jackson.databind.deser.BeanDeserializer.vanillaDeserialize(BeanDeserializer.java:294)
	at com.fasterxml.jackson.databind.deser.BeanDeserializer.deserialize(BeanDeserializer.java:151)
	at com.fasterxml.jackson.databind.ObjectMapper._readMapAndClose(ObjectMapper.java:4202)
	at com.fasterxml.jackson.databind.ObjectMapper.readValue(ObjectMapper.java:3205)
	at io.restassured.internal.path.json.mapping.JsonPathJackson2ObjectDeserializer.deserialize(JsonPathJackson2ObjectDeserializer.java:28)
	... 39 more
... Removed 27 stack frames
</div> <!-- stack-trace -->
                </div> <!-- method-content -->
              </div> <!-- method -->
              <div class="method">
                <div class="method-content">
                  <a name="validateUserInfoTest(amanda, 46)">
                  </a> <!-- validateUserInfoTest(amanda, 46) -->
                  <span class="method-name">validateUserInfoTest</span>
                  <span class="parameters">(amanda, 46)</span>
                  <div class="stack-trace">java.lang.RuntimeException: java.lang.RuntimeException: com.fasterxml.jackson.databind.exc.UnrecognizedPropertyException: Unrecognized field &quot;error&quot; (class pojo.UserDetails), not marked as ignorable (3 known properties: &quot;name&quot;, &quot;count&quot;, &quot;age&quot;])
 at [Source: (String)&quot;{&quot;error&quot;:&quot;Request limit reached&quot;}&quot;; line: 1, column: 11] (through reference chain: pojo.UserDetails[&quot;error&quot;])
	at apiTestCases.ValidateUserInfoTest.validateUserInfoTest(ValidateUserInfoTest.java:30)
	at java.base/java.util.ArrayList.forEach(ArrayList.java:1511)
Caused by: java.lang.RuntimeException: com.fasterxml.jackson.databind.exc.UnrecognizedPropertyException: Unrecognized field &quot;error&quot; (class pojo.UserDetails), not marked as ignorable (3 known properties: &quot;name&quot;, &quot;count&quot;, &quot;age&quot;])
 at [Source: (String)&quot;{&quot;error&quot;:&quot;Request limit reached&quot;}&quot;; line: 1, column: 11] (through reference chain: pojo.UserDetails[&quot;error&quot;])
	at io.restassured.internal.path.json.mapping.JsonPathJackson2ObjectDeserializer.deserialize(JsonPathJackson2ObjectDeserializer.java:30)
	at io.restassured.path.json.mapping.JsonPathObjectDeserializer$deserialize.call(Unknown Source)
	at io.restassured.internal.mapping.Jackson2Mapper.deserialize(Jackson2Mapper.groovy:58)
	at io.restassured.mapper.ObjectMapper$deserialize.call(Unknown Source)
	at io.restassured.internal.mapping.ObjectMapping.parseWithJackson2(ObjectMapping.groovy:254)
	at io.restassured.internal.mapping.ObjectMapping$parseWithJackson2$0.callStatic(Unknown Source)
	at io.restassured.internal.mapping.ObjectMapping.deserialize(ObjectMapping.groovy:56)
	at io.restassured.internal.mapping.ObjectMapping$deserialize.call(Unknown Source)
	at io.restassured.internal.RestAssuredResponseOptionsGroovyImpl.as(RestAssuredResponseOptionsGroovyImpl.groovy:229)
	at io.restassured.internal.RestAssuredResponseOptionsImpl.as(RestAssuredResponseOptionsImpl.java:169)
	at helpers.GetUserInfoAPI.ValidateUserInfo(GetUserInfoAPI.java:37)
	at apiTestCases.ValidateUserInfoTest.validateUserInfoTest(ValidateUserInfoTest.java:23)
	... 27 more
Caused by: com.fasterxml.jackson.databind.exc.UnrecognizedPropertyException: Unrecognized field &quot;error&quot; (class pojo.UserDetails), not marked as ignorable (3 known properties: &quot;name&quot;, &quot;count&quot;, &quot;age&quot;])
 at [Source: (String)&quot;{&quot;error&quot;:&quot;Request limit reached&quot;}&quot;; line: 1, column: 11] (through reference chain: pojo.UserDetails[&quot;error&quot;])
	at com.fasterxml.jackson.databind.exc.UnrecognizedPropertyException.from(UnrecognizedPropertyException.java:61)
	at com.fasterxml.jackson.databind.DeserializationContext.handleUnknownProperty(DeserializationContext.java:840)
	at com.fasterxml.jackson.databind.deser.std.StdDeserializer.handleUnknownProperty(StdDeserializer.java:1179)
	at com.fasterxml.jackson.databind.deser.BeanDeserializerBase.handleUnknownProperty(BeanDeserializerBase.java:1592)
	at com.fasterxml.jackson.databind.deser.BeanDeserializerBase.handleUnknownVanilla(BeanDeserializerBase.java:1570)
	at com.fasterxml.jackson.databind.deser.BeanDeserializer.vanillaDeserialize(BeanDeserializer.java:294)
	at com.fasterxml.jackson.databind.deser.BeanDeserializer.deserialize(BeanDeserializer.java:151)
	at com.fasterxml.jackson.databind.ObjectMapper._readMapAndClose(ObjectMapper.java:4202)
	at com.fasterxml.jackson.databind.ObjectMapper.readValue(ObjectMapper.java:3205)
	at io.restassured.internal.path.json.mapping.JsonPathJackson2ObjectDeserializer.deserialize(JsonPathJackson2ObjectDeserializer.java:28)
	... 38 more
... Removed 26 stack frames
</div> <!-- stack-trace -->
                </div> <!-- method-content -->
              </div> <!-- method -->
              <div class="method">
                <div class="method-content">
                  <a name="validateUserInfoTest(john , 73)">
                  </a> <!-- validateUserInfoTest(john , 73) -->
                  <span class="method-name">validateUserInfoTest</span>
                  <span class="parameters">(john , 73)</span>
                  <div class="stack-trace">java.lang.RuntimeException: java.lang.RuntimeException: com.fasterxml.jackson.databind.exc.UnrecognizedPropertyException: Unrecognized field &quot;error&quot; (class pojo.UserDetails), not marked as ignorable (3 known properties: &quot;name&quot;, &quot;count&quot;, &quot;age&quot;])
 at [Source: (String)&quot;{&quot;error&quot;:&quot;Request limit reached&quot;}&quot;; line: 1, column: 11] (through reference chain: pojo.UserDetails[&quot;error&quot;])
	at apiTestCases.ValidateUserInfoTest.validateUserInfoTest(ValidateUserInfoTest.java:30)
	at java.base/java.util.ArrayList.forEach(ArrayList.java:1511)
Caused by: java.lang.RuntimeException: com.fasterxml.jackson.databind.exc.UnrecognizedPropertyException: Unrecognized field &quot;error&quot; (class pojo.UserDetails), not marked as ignorable (3 known properties: &quot;name&quot;, &quot;count&quot;, &quot;age&quot;])
 at [Source: (String)&quot;{&quot;error&quot;:&quot;Request limit reached&quot;}&quot;; line: 1, column: 11] (through reference chain: pojo.UserDetails[&quot;error&quot;])
	at io.restassured.internal.path.json.mapping.JsonPathJackson2ObjectDeserializer.deserialize(JsonPathJackson2ObjectDeserializer.java:30)
	at io.restassured.path.json.mapping.JsonPathObjectDeserializer$deserialize.call(Unknown Source)
	at org.codehaus.groovy.runtime.callsite.CallSiteArray.defaultCall(CallSiteArray.java:45)
	at org.codehaus.groovy.runtime.callsite.AbstractCallSite.call(AbstractCallSite.java:125)
	at org.codehaus.groovy.runtime.callsite.AbstractCallSite.call(AbstractCallSite.java:139)
	at io.restassured.internal.mapping.Jackson2Mapper.deserialize(Jackson2Mapper.groovy:58)
	at io.restassured.mapper.ObjectMapper$deserialize.call(Unknown Source)
	at org.codehaus.groovy.runtime.callsite.CallSiteArray.defaultCall(CallSiteArray.java:45)
	at org.codehaus.groovy.runtime.callsite.AbstractCallSite.call(AbstractCallSite.java:125)
	at org.codehaus.groovy.runtime.callsite.AbstractCallSite.call(AbstractCallSite.java:139)
	at io.restassured.internal.mapping.ObjectMapping.parseWithJackson2(ObjectMapping.groovy:254)
	at io.restassured.internal.mapping.ObjectMapping$parseWithJackson2$0.callStatic(Unknown Source)
	at org.codehaus.groovy.runtime.callsite.CallSiteArray.defaultCallStatic(CallSiteArray.java:53)
	at org.codehaus.groovy.runtime.callsite.AbstractCallSite.callStatic(AbstractCallSite.java:217)
	at org.codehaus.groovy.runtime.callsite.AbstractCallSite.callStatic(AbstractCallSite.java:240)
	at io.restassured.internal.mapping.ObjectMapping.deserialize(ObjectMapping.groovy:56)
	at io.restassured.internal.mapping.ObjectMapping$deserialize.call(Unknown Source)
	at org.codehaus.groovy.runtime.callsite.CallSiteArray.defaultCall(CallSiteArray.java:45)
	at org.codehaus.groovy.runtime.callsite.AbstractCallSite.call(AbstractCallSite.java:125)
	at io.restassured.internal.RestAssuredResponseOptionsGroovyImpl.as(RestAssuredResponseOptionsGroovyImpl.groovy:229)
	at io.restassured.internal.RestAssuredResponseOptionsImpl.as(RestAssuredResponseOptionsImpl.java:169)
	at helpers.GetUserInfoAPI.ValidateUserInfo(GetUserInfoAPI.java:37)
	at apiTestCases.ValidateUserInfoTest.validateUserInfoTest(ValidateUserInfoTest.java:23)
	... 28 more
Caused by: com.fasterxml.jackson.databind.exc.UnrecognizedPropertyException: Unrecognized field &quot;error&quot; (class pojo.UserDetails), not marked as ignorable (3 known properties: &quot;name&quot;, &quot;count&quot;, &quot;age&quot;])
 at [Source: (String)&quot;{&quot;error&quot;:&quot;Request limit reached&quot;}&quot;; line: 1, column: 11] (through reference chain: pojo.UserDetails[&quot;error&quot;])
	at com.fasterxml.jackson.databind.exc.UnrecognizedPropertyException.from(UnrecognizedPropertyException.java:61)
	at com.fasterxml.jackson.databind.DeserializationContext.handleUnknownProperty(DeserializationContext.java:840)
	at com.fasterxml.jackson.databind.deser.std.StdDeserializer.handleUnknownProperty(StdDeserializer.java:1179)
	at com.fasterxml.jackson.databind.deser.BeanDeserializerBase.handleUnknownProperty(BeanDeserializerBase.java:1592)
	at com.fasterxml.jackson.databind.deser.BeanDeserializerBase.handleUnknownVanilla(BeanDeserializerBase.java:1570)
	at com.fasterxml.jackson.databind.deser.BeanDeserializer.vanillaDeserialize(BeanDeserializer.java:294)
	at com.fasterxml.jackson.databind.deser.BeanDeserializer.deserialize(BeanDeserializer.java:151)
	at com.fasterxml.jackson.databind.ObjectMapper._readMapAndClose(ObjectMapper.java:4202)
	at com.fasterxml.jackson.databind.ObjectMapper.readValue(ObjectMapper.java:3205)
	at io.restassured.internal.path.json.mapping.JsonPathJackson2ObjectDeserializer.deserialize(JsonPathJackson2ObjectDeserializer.java:28)
	... 50 more
... Removed 27 stack frames
</div> <!-- stack-trace -->
                </div> <!-- method-content -->
              </div> <!-- method -->
              <div class="method">
                <div class="method-content">
                  <a name="validateUserInfoTest(kevin, 50)">
                  </a> <!-- validateUserInfoTest(kevin, 50) -->
                  <span class="method-name">validateUserInfoTest</span>
                  <span class="parameters">(kevin, 50)</span>
                  <div class="stack-trace">java.lang.RuntimeException: java.lang.RuntimeException: com.fasterxml.jackson.databind.exc.UnrecognizedPropertyException: Unrecognized field &quot;error&quot; (class pojo.UserDetails), not marked as ignorable (3 known properties: &quot;name&quot;, &quot;count&quot;, &quot;age&quot;])
 at [Source: (String)&quot;{&quot;error&quot;:&quot;Request limit reached&quot;}&quot;; line: 1, column: 11] (through reference chain: pojo.UserDetails[&quot;error&quot;])
	at apiTestCases.ValidateUserInfoTest.validateUserInfoTest(ValidateUserInfoTest.java:30)
	at java.base/java.util.ArrayList.forEach(ArrayList.java:1511)
Caused by: java.lang.RuntimeException: com.fasterxml.jackson.databind.exc.UnrecognizedPropertyException: Unrecognized field &quot;error&quot; (class pojo.UserDetails), not marked as ignorable (3 known properties: &quot;name&quot;, &quot;count&quot;, &quot;age&quot;])
 at [Source: (String)&quot;{&quot;error&quot;:&quot;Request limit reached&quot;}&quot;; line: 1, column: 11] (through reference chain: pojo.UserDetails[&quot;error&quot;])
	at io.restassured.internal.path.json.mapping.JsonPathJackson2ObjectDeserializer.deserialize(JsonPathJackson2ObjectDeserializer.java:30)
	at io.restassured.path.json.mapping.JsonPathObjectDeserializer$deserialize.call(Unknown Source)
	at io.restassured.internal.mapping.Jackson2Mapper.deserialize(Jackson2Mapper.groovy:58)
	at io.restassured.mapper.ObjectMapper$deserialize.call(Unknown Source)
	at io.restassured.internal.mapping.ObjectMapping.parseWithJackson2(ObjectMapping.groovy:254)
	at io.restassured.internal.mapping.ObjectMapping$parseWithJackson2$0.callStatic(Unknown Source)
	at io.restassured.internal.mapping.ObjectMapping.deserialize(ObjectMapping.groovy:56)
	at io.restassured.internal.mapping.ObjectMapping$deserialize.call(Unknown Source)
	at io.restassured.internal.RestAssuredResponseOptionsGroovyImpl.as(RestAssuredResponseOptionsGroovyImpl.groovy:229)
	at io.restassured.internal.RestAssuredResponseOptionsImpl.as(RestAssuredResponseOptionsImpl.java:169)
	at helpers.GetUserInfoAPI.ValidateUserInfo(GetUserInfoAPI.java:37)
	at apiTestCases.ValidateUserInfoTest.validateUserInfoTest(ValidateUserInfoTest.java:23)
	... 28 more
Caused by: com.fasterxml.jackson.databind.exc.UnrecognizedPropertyException: Unrecognized field &quot;error&quot; (class pojo.UserDetails), not marked as ignorable (3 known properties: &quot;name&quot;, &quot;count&quot;, &quot;age&quot;])
 at [Source: (String)&quot;{&quot;error&quot;:&quot;Request limit reached&quot;}&quot;; line: 1, column: 11] (through reference chain: pojo.UserDetails[&quot;error&quot;])
	at com.fasterxml.jackson.databind.exc.UnrecognizedPropertyException.from(UnrecognizedPropertyException.java:61)
	at com.fasterxml.jackson.databind.DeserializationContext.handleUnknownProperty(DeserializationContext.java:840)
	at com.fasterxml.jackson.databind.deser.std.StdDeserializer.handleUnknownProperty(StdDeserializer.java:1179)
	at com.fasterxml.jackson.databind.deser.BeanDeserializerBase.handleUnknownProperty(BeanDeserializerBase.java:1592)
	at com.fasterxml.jackson.databind.deser.BeanDeserializerBase.handleUnknownVanilla(BeanDeserializerBase.java:1570)
	at com.fasterxml.jackson.databind.deser.BeanDeserializer.vanillaDeserialize(BeanDeserializer.java:294)
	at com.fasterxml.jackson.databind.deser.BeanDeserializer.deserialize(BeanDeserializer.java:151)
	at com.fasterxml.jackson.databind.ObjectMapper._readMapAndClose(ObjectMapper.java:4202)
	at com.fasterxml.jackson.databind.ObjectMapper.readValue(ObjectMapper.java:3205)
	at io.restassured.internal.path.json.mapping.JsonPathJackson2ObjectDeserializer.deserialize(JsonPathJackson2ObjectDeserializer.java:28)
	... 39 more
... Removed 27 stack frames
</div> <!-- stack-trace -->
                </div> <!-- method-content -->
              </div> <!-- method -->
              <div class="method">
                <div class="method-content">
                  <a name="validateUserInfoTest(amanda, 46)">
                  </a> <!-- validateUserInfoTest(amanda, 46) -->
                  <span class="method-name">validateUserInfoTest</span>
                  <span class="parameters">(amanda, 46)</span>
                  <div class="stack-trace">java.lang.RuntimeException: java.lang.RuntimeException: com.fasterxml.jackson.databind.exc.UnrecognizedPropertyException: Unrecognized field &quot;error&quot; (class pojo.UserDetails), not marked as ignorable (3 known properties: &quot;name&quot;, &quot;count&quot;, &quot;age&quot;])
 at [Source: (String)&quot;{&quot;error&quot;:&quot;Request limit reached&quot;}&quot;; line: 1, column: 11] (through reference chain: pojo.UserDetails[&quot;error&quot;])
	at apiTestCases.ValidateUserInfoTest.validateUserInfoTest(ValidateUserInfoTest.java:30)
	at java.base/java.util.ArrayList.forEach(ArrayList.java:1511)
Caused by: java.lang.RuntimeException: com.fasterxml.jackson.databind.exc.UnrecognizedPropertyException: Unrecognized field &quot;error&quot; (class pojo.UserDetails), not marked as ignorable (3 known properties: &quot;name&quot;, &quot;count&quot;, &quot;age&quot;])
 at [Source: (String)&quot;{&quot;error&quot;:&quot;Request limit reached&quot;}&quot;; line: 1, column: 11] (through reference chain: pojo.UserDetails[&quot;error&quot;])
	at io.restassured.internal.path.json.mapping.JsonPathJackson2ObjectDeserializer.deserialize(JsonPathJackson2ObjectDeserializer.java:30)
	at io.restassured.path.json.mapping.JsonPathObjectDeserializer$deserialize.call(Unknown Source)
	at io.restassured.internal.mapping.Jackson2Mapper.deserialize(Jackson2Mapper.groovy:58)
	at io.restassured.mapper.ObjectMapper$deserialize.call(Unknown Source)
	at io.restassured.internal.mapping.ObjectMapping.parseWithJackson2(ObjectMapping.groovy:254)
	at io.restassured.internal.mapping.ObjectMapping$parseWithJackson2$0.callStatic(Unknown Source)
	at io.restassured.internal.mapping.ObjectMapping.deserialize(ObjectMapping.groovy:56)
	at io.restassured.internal.mapping.ObjectMapping$deserialize.call(Unknown Source)
	at io.restassured.internal.RestAssuredResponseOptionsGroovyImpl.as(RestAssuredResponseOptionsGroovyImpl.groovy:229)
	at io.restassured.internal.RestAssuredResponseOptionsImpl.as(RestAssuredResponseOptionsImpl.java:169)
	at helpers.GetUserInfoAPI.ValidateUserInfo(GetUserInfoAPI.java:37)
	at apiTestCases.ValidateUserInfoTest.validateUserInfoTest(ValidateUserInfoTest.java:23)
	... 27 more
Caused by: com.fasterxml.jackson.databind.exc.UnrecognizedPropertyException: Unrecognized field &quot;error&quot; (class pojo.UserDetails), not marked as ignorable (3 known properties: &quot;name&quot;, &quot;count&quot;, &quot;age&quot;])
 at [Source: (String)&quot;{&quot;error&quot;:&quot;Request limit reached&quot;}&quot;; line: 1, column: 11] (through reference chain: pojo.UserDetails[&quot;error&quot;])
	at com.fasterxml.jackson.databind.exc.UnrecognizedPropertyException.from(UnrecognizedPropertyException.java:61)
	at com.fasterxml.jackson.databind.DeserializationContext.handleUnknownProperty(DeserializationContext.java:840)
	at com.fasterxml.jackson.databind.deser.std.StdDeserializer.handleUnknownProperty(StdDeserializer.java:1179)
	at com.fasterxml.jackson.databind.deser.BeanDeserializerBase.handleUnknownProperty(BeanDeserializerBase.java:1592)
	at com.fasterxml.jackson.databind.deser.BeanDeserializerBase.handleUnknownVanilla(BeanDeserializerBase.java:1570)
	at com.fasterxml.jackson.databind.deser.BeanDeserializer.vanillaDeserialize(BeanDeserializer.java:294)
	at com.fasterxml.jackson.databind.deser.BeanDeserializer.deserialize(BeanDeserializer.java:151)
	at com.fasterxml.jackson.databind.ObjectMapper._readMapAndClose(ObjectMapper.java:4202)
	at com.fasterxml.jackson.databind.ObjectMapper.readValue(ObjectMapper.java:3205)
	at io.restassured.internal.path.json.mapping.JsonPathJackson2ObjectDeserializer.deserialize(JsonPathJackson2ObjectDeserializer.java:28)
	... 38 more
... Removed 26 stack frames
</div> <!-- stack-trace -->
                </div> <!-- method-content -->
              </div> <!-- method -->
              <div class="method">
                <div class="method-content">
                  <a name="validateUserInfoTest(jerry, 75)">
                  </a> <!-- validateUserInfoTest(jerry, 75) -->
                  <span class="method-name">validateUserInfoTest</span>
                  <span class="parameters">(jerry, 75)</span>
                  <div class="stack-trace">java.lang.RuntimeException: java.lang.RuntimeException: com.fasterxml.jackson.databind.exc.UnrecognizedPropertyException: Unrecognized field &quot;error&quot; (class pojo.UserDetails), not marked as ignorable (3 known properties: &quot;name&quot;, &quot;count&quot;, &quot;age&quot;])
 at [Source: (String)&quot;{&quot;error&quot;:&quot;Request limit reached&quot;}&quot;; line: 1, column: 11] (through reference chain: pojo.UserDetails[&quot;error&quot;])
	at apiTestCases.ValidateUserInfoTest.validateUserInfoTest(ValidateUserInfoTest.java:30)
	at java.base/java.util.ArrayList.forEach(ArrayList.java:1511)
Caused by: java.lang.RuntimeException: com.fasterxml.jackson.databind.exc.UnrecognizedPropertyException: Unrecognized field &quot;error&quot; (class pojo.UserDetails), not marked as ignorable (3 known properties: &quot;name&quot;, &quot;count&quot;, &quot;age&quot;])
 at [Source: (String)&quot;{&quot;error&quot;:&quot;Request limit reached&quot;}&quot;; line: 1, column: 11] (through reference chain: pojo.UserDetails[&quot;error&quot;])
	at io.restassured.internal.path.json.mapping.JsonPathJackson2ObjectDeserializer.deserialize(JsonPathJackson2ObjectDeserializer.java:30)
	at io.restassured.path.json.mapping.JsonPathObjectDeserializer$deserialize.call(Unknown Source)
	at io.restassured.internal.mapping.Jackson2Mapper.deserialize(Jackson2Mapper.groovy:58)
	at io.restassured.mapper.ObjectMapper$deserialize.call(Unknown Source)
	at io.restassured.internal.mapping.ObjectMapping.parseWithJackson2(ObjectMapping.groovy:254)
	at io.restassured.internal.mapping.ObjectMapping$parseWithJackson2$0.callStatic(Unknown Source)
	at io.restassured.internal.mapping.ObjectMapping.deserialize(ObjectMapping.groovy:56)
	at io.restassured.internal.mapping.ObjectMapping$deserialize.call(Unknown Source)
	at io.restassured.internal.RestAssuredResponseOptionsGroovyImpl.as(RestAssuredResponseOptionsGroovyImpl.groovy:229)
	at io.restassured.internal.RestAssuredResponseOptionsImpl.as(RestAssuredResponseOptionsImpl.java:169)
	at helpers.GetUserInfoAPI.ValidateUserInfo(GetUserInfoAPI.java:37)
	at apiTestCases.ValidateUserInfoTest.validateUserInfoTest(ValidateUserInfoTest.java:23)
	... 28 more
Caused by: com.fasterxml.jackson.databind.exc.UnrecognizedPropertyException: Unrecognized field &quot;error&quot; (class pojo.UserDetails), not marked as ignorable (3 known properties: &quot;name&quot;, &quot;count&quot;, &quot;age&quot;])
 at [Source: (String)&quot;{&quot;error&quot;:&quot;Request limit reached&quot;}&quot;; line: 1, column: 11] (through reference chain: pojo.UserDetails[&quot;error&quot;])
	at com.fasterxml.jackson.databind.exc.UnrecognizedPropertyException.from(UnrecognizedPropertyException.java:61)
	at com.fasterxml.jackson.databind.DeserializationContext.handleUnknownProperty(DeserializationContext.java:840)
	at com.fasterxml.jackson.databind.deser.std.StdDeserializer.handleUnknownProperty(StdDeserializer.java:1179)
	at com.fasterxml.jackson.databind.deser.BeanDeserializerBase.handleUnknownProperty(BeanDeserializerBase.java:1592)
	at com.fasterxml.jackson.databind.deser.BeanDeserializerBase.handleUnknownVanilla(BeanDeserializerBase.java:1570)
	at com.fasterxml.jackson.databind.deser.BeanDeserializer.vanillaDeserialize(BeanDeserializer.java:294)
	at com.fasterxml.jackson.databind.deser.BeanDeserializer.deserialize(BeanDeserializer.java:151)
	at com.fasterxml.jackson.databind.ObjectMapper._readMapAndClose(ObjectMapper.java:4202)
	at com.fasterxml.jackson.databind.ObjectMapper.readValue(ObjectMapper.java:3205)
	at io.restassured.internal.path.json.mapping.JsonPathJackson2ObjectDeserializer.deserialize(JsonPathJackson2ObjectDeserializer.java:28)
	... 39 more
... Removed 27 stack frames
</div> <!-- stack-trace -->
                </div> <!-- method-content -->
              </div> <!-- method -->
              <div class="method">
                <div class="method-content">
                  <a name="validateUserInfoTest(jerry, 75)">
                  </a> <!-- validateUserInfoTest(jerry, 75) -->
                  <span class="method-name">validateUserInfoTest</span>
                  <span class="parameters">(jerry, 75)</span>
                  <div class="stack-trace">java.lang.RuntimeException: java.lang.RuntimeException: com.fasterxml.jackson.databind.exc.UnrecognizedPropertyException: Unrecognized field &quot;error&quot; (class pojo.UserDetails), not marked as ignorable (3 known properties: &quot;name&quot;, &quot;count&quot;, &quot;age&quot;])
 at [Source: (String)&quot;{&quot;error&quot;:&quot;Request limit reached&quot;}&quot;; line: 1, column: 11] (through reference chain: pojo.UserDetails[&quot;error&quot;])
	at apiTestCases.ValidateUserInfoTest.validateUserInfoTest(ValidateUserInfoTest.java:30)
	at java.base/java.util.ArrayList.forEach(ArrayList.java:1511)
Caused by: java.lang.RuntimeException: com.fasterxml.jackson.databind.exc.UnrecognizedPropertyException: Unrecognized field &quot;error&quot; (class pojo.UserDetails), not marked as ignorable (3 known properties: &quot;name&quot;, &quot;count&quot;, &quot;age&quot;])
 at [Source: (String)&quot;{&quot;error&quot;:&quot;Request limit reached&quot;}&quot;; line: 1, column: 11] (through reference chain: pojo.UserDetails[&quot;error&quot;])
	at io.restassured.internal.path.json.mapping.JsonPathJackson2ObjectDeserializer.deserialize(JsonPathJackson2ObjectDeserializer.java:30)
	at io.restassured.path.json.mapping.JsonPathObjectDeserializer$deserialize.call(Unknown Source)
	at io.restassured.internal.mapping.Jackson2Mapper.deserialize(Jackson2Mapper.groovy:58)
	at io.restassured.mapper.ObjectMapper$deserialize.call(Unknown Source)
	at io.restassured.internal.mapping.ObjectMapping.parseWithJackson2(ObjectMapping.groovy:254)
	at io.restassured.internal.mapping.ObjectMapping$parseWithJackson2$0.callStatic(Unknown Source)
	at io.restassured.internal.mapping.ObjectMapping.deserialize(ObjectMapping.groovy:56)
	at io.restassured.internal.mapping.ObjectMapping$deserialize.call(Unknown Source)
	at io.restassured.internal.RestAssuredResponseOptionsGroovyImpl.as(RestAssuredResponseOptionsGroovyImpl.groovy:229)
	at io.restassured.internal.RestAssuredResponseOptionsImpl.as(RestAssuredResponseOptionsImpl.java:169)
	at helpers.GetUserInfoAPI.ValidateUserInfo(GetUserInfoAPI.java:37)
	at apiTestCases.ValidateUserInfoTest.validateUserInfoTest(ValidateUserInfoTest.java:23)
	... 28 more
Caused by: com.fasterxml.jackson.databind.exc.UnrecognizedPropertyException: Unrecognized field &quot;error&quot; (class pojo.UserDetails), not marked as ignorable (3 known properties: &quot;name&quot;, &quot;count&quot;, &quot;age&quot;])
 at [Source: (String)&quot;{&quot;error&quot;:&quot;Request limit reached&quot;}&quot;; line: 1, column: 11] (through reference chain: pojo.UserDetails[&quot;error&quot;])
	at com.fasterxml.jackson.databind.exc.UnrecognizedPropertyException.from(UnrecognizedPropertyException.java:61)
	at com.fasterxml.jackson.databind.DeserializationContext.handleUnknownProperty(DeserializationContext.java:840)
	at com.fasterxml.jackson.databind.deser.std.StdDeserializer.handleUnknownProperty(StdDeserializer.java:1179)
	at com.fasterxml.jackson.databind.deser.BeanDeserializerBase.handleUnknownProperty(BeanDeserializerBase.java:1592)
	at com.fasterxml.jackson.databind.deser.BeanDeserializerBase.handleUnknownVanilla(BeanDeserializerBase.java:1570)
	at com.fasterxml.jackson.databind.deser.BeanDeserializer.vanillaDeserialize(BeanDeserializer.java:294)
	at com.fasterxml.jackson.databind.deser.BeanDeserializer.deserialize(BeanDeserializer.java:151)
	at com.fasterxml.jackson.databind.ObjectMapper._readMapAndClose(ObjectMapper.java:4202)
	at com.fasterxml.jackson.databind.ObjectMapper.readValue(ObjectMapper.java:3205)
	at io.restassured.internal.path.json.mapping.JsonPathJackson2ObjectDeserializer.deserialize(JsonPathJackson2ObjectDeserializer.java:28)
	... 39 more
... Removed 27 stack frames
</div> <!-- stack-trace -->
                </div> <!-- method-content -->
              </div> <!-- method -->
              <div class="method">
                <div class="method-content">
                  <a name="validateUserInfoTest(kevin, 50)">
                  </a> <!-- validateUserInfoTest(kevin, 50) -->
                  <span class="method-name">validateUserInfoTest</span>
                  <span class="parameters">(kevin, 50)</span>
                  <div class="stack-trace">java.lang.RuntimeException: java.lang.RuntimeException: com.fasterxml.jackson.databind.exc.UnrecognizedPropertyException: Unrecognized field &quot;error&quot; (class pojo.UserDetails), not marked as ignorable (3 known properties: &quot;name&quot;, &quot;count&quot;, &quot;age&quot;])
 at [Source: (String)&quot;{&quot;error&quot;:&quot;Request limit reached&quot;}&quot;; line: 1, column: 11] (through reference chain: pojo.UserDetails[&quot;error&quot;])
	at apiTestCases.ValidateUserInfoTest.validateUserInfoTest(ValidateUserInfoTest.java:30)
	at java.base/java.util.ArrayList.forEach(ArrayList.java:1511)
Caused by: java.lang.RuntimeException: com.fasterxml.jackson.databind.exc.UnrecognizedPropertyException: Unrecognized field &quot;error&quot; (class pojo.UserDetails), not marked as ignorable (3 known properties: &quot;name&quot;, &quot;count&quot;, &quot;age&quot;])
 at [Source: (String)&quot;{&quot;error&quot;:&quot;Request limit reached&quot;}&quot;; line: 1, column: 11] (through reference chain: pojo.UserDetails[&quot;error&quot;])
	at io.restassured.internal.path.json.mapping.JsonPathJackson2ObjectDeserializer.deserialize(JsonPathJackson2ObjectDeserializer.java:30)
	at io.restassured.path.json.mapping.JsonPathObjectDeserializer$deserialize.call(Unknown Source)
	at io.restassured.internal.mapping.Jackson2Mapper.deserialize(Jackson2Mapper.groovy:58)
	at io.restassured.mapper.ObjectMapper$deserialize.call(Unknown Source)
	at io.restassured.internal.mapping.ObjectMapping.parseWithJackson2(ObjectMapping.groovy:254)
	at io.restassured.internal.mapping.ObjectMapping$parseWithJackson2$0.callStatic(Unknown Source)
	at io.restassured.internal.mapping.ObjectMapping.deserialize(ObjectMapping.groovy:56)
	at io.restassured.internal.mapping.ObjectMapping$deserialize.call(Unknown Source)
	at io.restassured.internal.RestAssuredResponseOptionsGroovyImpl.as(RestAssuredResponseOptionsGroovyImpl.groovy:229)
	at io.restassured.internal.RestAssuredResponseOptionsImpl.as(RestAssuredResponseOptionsImpl.java:169)
	at helpers.GetUserInfoAPI.ValidateUserInfo(GetUserInfoAPI.java:37)
	at apiTestCases.ValidateUserInfoTest.validateUserInfoTest(ValidateUserInfoTest.java:23)
	... 28 more
Caused by: com.fasterxml.jackson.databind.exc.UnrecognizedPropertyException: Unrecognized field &quot;error&quot; (class pojo.UserDetails), not marked as ignorable (3 known properties: &quot;name&quot;, &quot;count&quot;, &quot;age&quot;])
 at [Source: (String)&quot;{&quot;error&quot;:&quot;Request limit reached&quot;}&quot;; line: 1, column: 11] (through reference chain: pojo.UserDetails[&quot;error&quot;])
	at com.fasterxml.jackson.databind.exc.UnrecognizedPropertyException.from(UnrecognizedPropertyException.java:61)
	at com.fasterxml.jackson.databind.DeserializationContext.handleUnknownProperty(DeserializationContext.java:840)
	at com.fasterxml.jackson.databind.deser.std.StdDeserializer.handleUnknownProperty(StdDeserializer.java:1179)
	at com.fasterxml.jackson.databind.deser.BeanDeserializerBase.handleUnknownProperty(BeanDeserializerBase.java:1592)
	at com.fasterxml.jackson.databind.deser.BeanDeserializerBase.handleUnknownVanilla(BeanDeserializerBase.java:1570)
	at com.fasterxml.jackson.databind.deser.BeanDeserializer.vanillaDeserialize(BeanDeserializer.java:294)
	at com.fasterxml.jackson.databind.deser.BeanDeserializer.deserialize(BeanDeserializer.java:151)
	at com.fasterxml.jackson.databind.ObjectMapper._readMapAndClose(ObjectMapper.java:4202)
	at com.fasterxml.jackson.databind.ObjectMapper.readValue(ObjectMapper.java:3205)
	at io.restassured.internal.path.json.mapping.JsonPathJackson2ObjectDeserializer.deserialize(JsonPathJackson2ObjectDeserializer.java:28)
	... 39 more
... Removed 27 stack frames
</div> <!-- stack-trace -->
                </div> <!-- method-content -->
              </div> <!-- method -->
              <div class="method">
                <div class="method-content">
                  <a name="validateUserInfoTest(kevin, 50)">
                  </a> <!-- validateUserInfoTest(kevin, 50) -->
                  <span class="method-name">validateUserInfoTest</span>
                  <span class="parameters">(kevin, 50)</span>
                  <div class="stack-trace">java.lang.RuntimeException: java.lang.RuntimeException: com.fasterxml.jackson.databind.exc.UnrecognizedPropertyException: Unrecognized field &quot;error&quot; (class pojo.UserDetails), not marked as ignorable (3 known properties: &quot;name&quot;, &quot;count&quot;, &quot;age&quot;])
 at [Source: (String)&quot;{&quot;error&quot;:&quot;Request limit reached&quot;}&quot;; line: 1, column: 11] (through reference chain: pojo.UserDetails[&quot;error&quot;])
	at apiTestCases.ValidateUserInfoTest.validateUserInfoTest(ValidateUserInfoTest.java:30)
	at java.base/java.util.ArrayList.forEach(ArrayList.java:1511)
Caused by: java.lang.RuntimeException: com.fasterxml.jackson.databind.exc.UnrecognizedPropertyException: Unrecognized field &quot;error&quot; (class pojo.UserDetails), not marked as ignorable (3 known properties: &quot;name&quot;, &quot;count&quot;, &quot;age&quot;])
 at [Source: (String)&quot;{&quot;error&quot;:&quot;Request limit reached&quot;}&quot;; line: 1, column: 11] (through reference chain: pojo.UserDetails[&quot;error&quot;])
	at io.restassured.internal.path.json.mapping.JsonPathJackson2ObjectDeserializer.deserialize(JsonPathJackson2ObjectDeserializer.java:30)
	at io.restassured.path.json.mapping.JsonPathObjectDeserializer$deserialize.call(Unknown Source)
	at io.restassured.internal.mapping.Jackson2Mapper.deserialize(Jackson2Mapper.groovy:58)
	at io.restassured.mapper.ObjectMapper$deserialize.call(Unknown Source)
	at io.restassured.internal.mapping.ObjectMapping.parseWithJackson2(ObjectMapping.groovy:254)
	at io.restassured.internal.mapping.ObjectMapping$parseWithJackson2$0.callStatic(Unknown Source)
	at io.restassured.internal.mapping.ObjectMapping.deserialize(ObjectMapping.groovy:56)
	at io.restassured.internal.mapping.ObjectMapping$deserialize.call(Unknown Source)
	at io.restassured.internal.RestAssuredResponseOptionsGroovyImpl.as(RestAssuredResponseOptionsGroovyImpl.groovy:229)
	at io.restassured.internal.RestAssuredResponseOptionsImpl.as(RestAssuredResponseOptionsImpl.java:169)
	at helpers.GetUserInfoAPI.ValidateUserInfo(GetUserInfoAPI.java:37)
	at apiTestCases.ValidateUserInfoTest.validateUserInfoTest(ValidateUserInfoTest.java:23)
	... 28 more
Caused by: com.fasterxml.jackson.databind.exc.UnrecognizedPropertyException: Unrecognized field &quot;error&quot; (class pojo.UserDetails), not marked as ignorable (3 known properties: &quot;name&quot;, &quot;count&quot;, &quot;age&quot;])
 at [Source: (String)&quot;{&quot;error&quot;:&quot;Request limit reached&quot;}&quot;; line: 1, column: 11] (through reference chain: pojo.UserDetails[&quot;error&quot;])
	at com.fasterxml.jackson.databind.exc.UnrecognizedPropertyException.from(UnrecognizedPropertyException.java:61)
	at com.fasterxml.jackson.databind.DeserializationContext.handleUnknownProperty(DeserializationContext.java:840)
	at com.fasterxml.jackson.databind.deser.std.StdDeserializer.handleUnknownProperty(StdDeserializer.java:1179)
	at com.fasterxml.jackson.databind.deser.BeanDeserializerBase.handleUnknownProperty(BeanDeserializerBase.java:1592)
	at com.fasterxml.jackson.databind.deser.BeanDeserializerBase.handleUnknownVanilla(BeanDeserializerBase.java:1570)
	at com.fasterxml.jackson.databind.deser.BeanDeserializer.vanillaDeserialize(BeanDeserializer.java:294)
	at com.fasterxml.jackson.databind.deser.BeanDeserializer.deserialize(BeanDeserializer.java:151)
	at com.fasterxml.jackson.databind.ObjectMapper._readMapAndClose(ObjectMapper.java:4202)
	at com.fasterxml.jackson.databind.ObjectMapper.readValue(ObjectMapper.java:3205)
	at io.restassured.internal.path.json.mapping.JsonPathJackson2ObjectDeserializer.deserialize(JsonPathJackson2ObjectDeserializer.java:28)
	... 39 more
... Removed 27 stack frames
</div> <!-- stack-trace -->
                </div> <!-- method-content -->
              </div> <!-- method -->
              <div class="method">
                <div class="method-content">
                  <a name="validateUserInfoTest(john , 73)">
                  </a> <!-- validateUserInfoTest(john , 73) -->
                  <span class="method-name">validateUserInfoTest</span>
                  <span class="parameters">(john , 73)</span>
                  <div class="stack-trace">java.lang.RuntimeException: java.lang.RuntimeException: com.fasterxml.jackson.databind.exc.UnrecognizedPropertyException: Unrecognized field &quot;error&quot; (class pojo.UserDetails), not marked as ignorable (3 known properties: &quot;name&quot;, &quot;count&quot;, &quot;age&quot;])
 at [Source: (String)&quot;{&quot;error&quot;:&quot;Request limit reached&quot;}&quot;; line: 1, column: 11] (through reference chain: pojo.UserDetails[&quot;error&quot;])
	at apiTestCases.ValidateUserInfoTest.validateUserInfoTest(ValidateUserInfoTest.java:30)
	at java.base/java.util.ArrayList.forEach(ArrayList.java:1511)
Caused by: java.lang.RuntimeException: com.fasterxml.jackson.databind.exc.UnrecognizedPropertyException: Unrecognized field &quot;error&quot; (class pojo.UserDetails), not marked as ignorable (3 known properties: &quot;name&quot;, &quot;count&quot;, &quot;age&quot;])
 at [Source: (String)&quot;{&quot;error&quot;:&quot;Request limit reached&quot;}&quot;; line: 1, column: 11] (through reference chain: pojo.UserDetails[&quot;error&quot;])
	at io.restassured.internal.path.json.mapping.JsonPathJackson2ObjectDeserializer.deserialize(JsonPathJackson2ObjectDeserializer.java:30)
	at io.restassured.path.json.mapping.JsonPathObjectDeserializer$deserialize.call(Unknown Source)
	at io.restassured.internal.mapping.Jackson2Mapper.deserialize(Jackson2Mapper.groovy:58)
	at io.restassured.mapper.ObjectMapper$deserialize.call(Unknown Source)
	at io.restassured.internal.mapping.ObjectMapping.parseWithJackson2(ObjectMapping.groovy:254)
	at io.restassured.internal.mapping.ObjectMapping$parseWithJackson2$0.callStatic(Unknown Source)
	at io.restassured.internal.mapping.ObjectMapping.deserialize(ObjectMapping.groovy:56)
	at io.restassured.internal.mapping.ObjectMapping$deserialize.call(Unknown Source)
	at io.restassured.internal.RestAssuredResponseOptionsGroovyImpl.as(RestAssuredResponseOptionsGroovyImpl.groovy:229)
	at io.restassured.internal.RestAssuredResponseOptionsImpl.as(RestAssuredResponseOptionsImpl.java:169)
	at helpers.GetUserInfoAPI.ValidateUserInfo(GetUserInfoAPI.java:37)
	at apiTestCases.ValidateUserInfoTest.validateUserInfoTest(ValidateUserInfoTest.java:23)
	... 28 more
Caused by: com.fasterxml.jackson.databind.exc.UnrecognizedPropertyException: Unrecognized field &quot;error&quot; (class pojo.UserDetails), not marked as ignorable (3 known properties: &quot;name&quot;, &quot;count&quot;, &quot;age&quot;])
 at [Source: (String)&quot;{&quot;error&quot;:&quot;Request limit reached&quot;}&quot;; line: 1, column: 11] (through reference chain: pojo.UserDetails[&quot;error&quot;])
	at com.fasterxml.jackson.databind.exc.UnrecognizedPropertyException.from(UnrecognizedPropertyException.java:61)
	at com.fasterxml.jackson.databind.DeserializationContext.handleUnknownProperty(DeserializationContext.java:840)
	at com.fasterxml.jackson.databind.deser.std.StdDeserializer.handleUnknownProperty(StdDeserializer.java:1179)
	at com.fasterxml.jackson.databind.deser.BeanDeserializerBase.handleUnknownProperty(BeanDeserializerBase.java:1592)
	at com.fasterxml.jackson.databind.deser.BeanDeserializerBase.handleUnknownVanilla(BeanDeserializerBase.java:1570)
	at com.fasterxml.jackson.databind.deser.BeanDeserializer.vanillaDeserialize(BeanDeserializer.java:294)
	at com.fasterxml.jackson.databind.deser.BeanDeserializer.deserialize(BeanDeserializer.java:151)
	at com.fasterxml.jackson.databind.ObjectMapper._readMapAndClose(ObjectMapper.java:4202)
	at com.fasterxml.jackson.databind.ObjectMapper.readValue(ObjectMapper.java:3205)
	at io.restassured.internal.path.json.mapping.JsonPathJackson2ObjectDeserializer.deserialize(JsonPathJackson2ObjectDeserializer.java:28)
	... 39 more
... Removed 27 stack frames
</div> <!-- stack-trace -->
                </div> <!-- method-content -->
              </div> <!-- method -->
              <div class="method">
                <div class="method-content">
                  <a name="validateUserInfoTest(tom , 66)">
                  </a> <!-- validateUserInfoTest(tom , 66) -->
                  <span class="method-name">validateUserInfoTest</span>
                  <span class="parameters">(tom , 66)</span>
                  <div class="stack-trace">java.lang.RuntimeException: java.lang.RuntimeException: com.fasterxml.jackson.databind.exc.UnrecognizedPropertyException: Unrecognized field &quot;error&quot; (class pojo.UserDetails), not marked as ignorable (3 known properties: &quot;name&quot;, &quot;count&quot;, &quot;age&quot;])
 at [Source: (String)&quot;{&quot;error&quot;:&quot;Request limit reached&quot;}&quot;; line: 1, column: 11] (through reference chain: pojo.UserDetails[&quot;error&quot;])
	at apiTestCases.ValidateUserInfoTest.validateUserInfoTest(ValidateUserInfoTest.java:30)
	at java.base/java.util.ArrayList.forEach(ArrayList.java:1511)
Caused by: java.lang.RuntimeException: com.fasterxml.jackson.databind.exc.UnrecognizedPropertyException: Unrecognized field &quot;error&quot; (class pojo.UserDetails), not marked as ignorable (3 known properties: &quot;name&quot;, &quot;count&quot;, &quot;age&quot;])
 at [Source: (String)&quot;{&quot;error&quot;:&quot;Request limit reached&quot;}&quot;; line: 1, column: 11] (through reference chain: pojo.UserDetails[&quot;error&quot;])
	at io.restassured.internal.path.json.mapping.JsonPathJackson2ObjectDeserializer.deserialize(JsonPathJackson2ObjectDeserializer.java:30)
	at io.restassured.path.json.mapping.JsonPathObjectDeserializer$deserialize.call(Unknown Source)
	at io.restassured.internal.mapping.Jackson2Mapper.deserialize(Jackson2Mapper.groovy:58)
	at io.restassured.mapper.ObjectMapper$deserialize.call(Unknown Source)
	at io.restassured.internal.mapping.ObjectMapping.parseWithJackson2(ObjectMapping.groovy:254)
	at io.restassured.internal.mapping.ObjectMapping$parseWithJackson2$0.callStatic(Unknown Source)
	at io.restassured.internal.mapping.ObjectMapping.deserialize(ObjectMapping.groovy:56)
	at io.restassured.internal.mapping.ObjectMapping$deserialize.call(Unknown Source)
	at io.restassured.internal.RestAssuredResponseOptionsGroovyImpl.as(RestAssuredResponseOptionsGroovyImpl.groovy:229)
	at io.restassured.internal.RestAssuredResponseOptionsImpl.as(RestAssuredResponseOptionsImpl.java:169)
	at helpers.GetUserInfoAPI.ValidateUserInfo(GetUserInfoAPI.java:37)
	at apiTestCases.ValidateUserInfoTest.validateUserInfoTest(ValidateUserInfoTest.java:23)
	... 28 more
Caused by: com.fasterxml.jackson.databind.exc.UnrecognizedPropertyException: Unrecognized field &quot;error&quot; (class pojo.UserDetails), not marked as ignorable (3 known properties: &quot;name&quot;, &quot;count&quot;, &quot;age&quot;])
 at [Source: (String)&quot;{&quot;error&quot;:&quot;Request limit reached&quot;}&quot;; line: 1, column: 11] (through reference chain: pojo.UserDetails[&quot;error&quot;])
	at com.fasterxml.jackson.databind.exc.UnrecognizedPropertyException.from(UnrecognizedPropertyException.java:61)
	at com.fasterxml.jackson.databind.DeserializationContext.handleUnknownProperty(DeserializationContext.java:840)
	at com.fasterxml.jackson.databind.deser.std.StdDeserializer.handleUnknownProperty(StdDeserializer.java:1179)
	at com.fasterxml.jackson.databind.deser.BeanDeserializerBase.handleUnknownProperty(BeanDeserializerBase.java:1592)
	at com.fasterxml.jackson.databind.deser.BeanDeserializerBase.handleUnknownVanilla(BeanDeserializerBase.java:1570)
	at com.fasterxml.jackson.databind.deser.BeanDeserializer.vanillaDeserialize(BeanDeserializer.java:294)
	at com.fasterxml.jackson.databind.deser.BeanDeserializer.deserialize(BeanDeserializer.java:151)
	at com.fasterxml.jackson.databind.ObjectMapper._readMapAndClose(ObjectMapper.java:4202)
	at com.fasterxml.jackson.databind.ObjectMapper.readValue(ObjectMapper.java:3205)
	at io.restassured.internal.path.json.mapping.JsonPathJackson2ObjectDeserializer.deserialize(JsonPathJackson2ObjectDeserializer.java:28)
	... 39 more
... Removed 27 stack frames
</div> <!-- stack-trace -->
                </div> <!-- method-content -->
              </div> <!-- method -->
              <div class="method">
                <div class="method-content">
                  <a name="validateUserInfoTest(john , 73)">
                  </a> <!-- validateUserInfoTest(john , 73) -->
                  <span class="method-name">validateUserInfoTest</span>
                  <span class="parameters">(john , 73)</span>
                  <div class="stack-trace">java.lang.RuntimeException: java.lang.RuntimeException: com.fasterxml.jackson.databind.exc.UnrecognizedPropertyException: Unrecognized field &quot;error&quot; (class pojo.UserDetails), not marked as ignorable (3 known properties: &quot;name&quot;, &quot;count&quot;, &quot;age&quot;])
 at [Source: (String)&quot;{&quot;error&quot;:&quot;Request limit reached&quot;}&quot;; line: 1, column: 11] (through reference chain: pojo.UserDetails[&quot;error&quot;])
	at apiTestCases.ValidateUserInfoTest.validateUserInfoTest(ValidateUserInfoTest.java:30)
	at java.base/java.util.ArrayList.forEach(ArrayList.java:1511)
Caused by: java.lang.RuntimeException: com.fasterxml.jackson.databind.exc.UnrecognizedPropertyException: Unrecognized field &quot;error&quot; (class pojo.UserDetails), not marked as ignorable (3 known properties: &quot;name&quot;, &quot;count&quot;, &quot;age&quot;])
 at [Source: (String)&quot;{&quot;error&quot;:&quot;Request limit reached&quot;}&quot;; line: 1, column: 11] (through reference chain: pojo.UserDetails[&quot;error&quot;])
	at io.restassured.internal.path.json.mapping.JsonPathJackson2ObjectDeserializer.deserialize(JsonPathJackson2ObjectDeserializer.java:30)
	at io.restassured.path.json.mapping.JsonPathObjectDeserializer$deserialize.call(Unknown Source)
	at io.restassured.internal.mapping.Jackson2Mapper.deserialize(Jackson2Mapper.groovy:58)
	at io.restassured.mapper.ObjectMapper$deserialize.call(Unknown Source)
	at io.restassured.internal.mapping.ObjectMapping.parseWithJackson2(ObjectMapping.groovy:254)
	at io.restassured.internal.mapping.ObjectMapping$parseWithJackson2$0.callStatic(Unknown Source)
	at io.restassured.internal.mapping.ObjectMapping.deserialize(ObjectMapping.groovy:56)
	at io.restassured.internal.mapping.ObjectMapping$deserialize.call(Unknown Source)
	at io.restassured.internal.RestAssuredResponseOptionsGroovyImpl.as(RestAssuredResponseOptionsGroovyImpl.groovy:229)
	at io.restassured.internal.RestAssuredResponseOptionsImpl.as(RestAssuredResponseOptionsImpl.java:169)
	at helpers.GetUserInfoAPI.ValidateUserInfo(GetUserInfoAPI.java:37)
	at apiTestCases.ValidateUserInfoTest.validateUserInfoTest(ValidateUserInfoTest.java:23)
	... 28 more
Caused by: com.fasterxml.jackson.databind.exc.UnrecognizedPropertyException: Unrecognized field &quot;error&quot; (class pojo.UserDetails), not marked as ignorable (3 known properties: &quot;name&quot;, &quot;count&quot;, &quot;age&quot;])
 at [Source: (String)&quot;{&quot;error&quot;:&quot;Request limit reached&quot;}&quot;; line: 1, column: 11] (through reference chain: pojo.UserDetails[&quot;error&quot;])
	at com.fasterxml.jackson.databind.exc.UnrecognizedPropertyException.from(UnrecognizedPropertyException.java:61)
	at com.fasterxml.jackson.databind.DeserializationContext.handleUnknownProperty(DeserializationContext.java:840)
	at com.fasterxml.jackson.databind.deser.std.StdDeserializer.handleUnknownProperty(StdDeserializer.java:1179)
	at com.fasterxml.jackson.databind.deser.BeanDeserializerBase.handleUnknownProperty(BeanDeserializerBase.java:1592)
	at com.fasterxml.jackson.databind.deser.BeanDeserializerBase.handleUnknownVanilla(BeanDeserializerBase.java:1570)
	at com.fasterxml.jackson.databind.deser.BeanDeserializer.vanillaDeserialize(BeanDeserializer.java:294)
	at com.fasterxml.jackson.databind.deser.BeanDeserializer.deserialize(BeanDeserializer.java:151)
	at com.fasterxml.jackson.databind.ObjectMapper._readMapAndClose(ObjectMapper.java:4202)
	at com.fasterxml.jackson.databind.ObjectMapper.readValue(ObjectMapper.java:3205)
	at io.restassured.internal.path.json.mapping.JsonPathJackson2ObjectDeserializer.deserialize(JsonPathJackson2ObjectDeserializer.java:28)
	... 39 more
... Removed 27 stack frames
</div> <!-- stack-trace -->
                </div> <!-- method-content -->
              </div> <!-- method -->
              <div class="method">
                <div class="method-content">
                  <a name="validateUserInfoTest(amanda, 46)">
                  </a> <!-- validateUserInfoTest(amanda, 46) -->
                  <span class="method-name">validateUserInfoTest</span>
                  <span class="parameters">(amanda, 46)</span>
                  <div class="stack-trace">java.lang.RuntimeException: java.lang.RuntimeException: com.fasterxml.jackson.databind.exc.UnrecognizedPropertyException: Unrecognized field &quot;error&quot; (class pojo.UserDetails), not marked as ignorable (3 known properties: &quot;name&quot;, &quot;count&quot;, &quot;age&quot;])
 at [Source: (String)&quot;{&quot;error&quot;:&quot;Request limit reached&quot;}&quot;; line: 1, column: 11] (through reference chain: pojo.UserDetails[&quot;error&quot;])
	at apiTestCases.ValidateUserInfoTest.validateUserInfoTest(ValidateUserInfoTest.java:30)
	at java.base/java.util.ArrayList.forEach(ArrayList.java:1511)
Caused by: java.lang.RuntimeException: com.fasterxml.jackson.databind.exc.UnrecognizedPropertyException: Unrecognized field &quot;error&quot; (class pojo.UserDetails), not marked as ignorable (3 known properties: &quot;name&quot;, &quot;count&quot;, &quot;age&quot;])
 at [Source: (String)&quot;{&quot;error&quot;:&quot;Request limit reached&quot;}&quot;; line: 1, column: 11] (through reference chain: pojo.UserDetails[&quot;error&quot;])
	at io.restassured.internal.path.json.mapping.JsonPathJackson2ObjectDeserializer.deserialize(JsonPathJackson2ObjectDeserializer.java:30)
	at io.restassured.path.json.mapping.JsonPathObjectDeserializer$deserialize.call(Unknown Source)
	at io.restassured.internal.mapping.Jackson2Mapper.deserialize(Jackson2Mapper.groovy:58)
	at io.restassured.mapper.ObjectMapper$deserialize.call(Unknown Source)
	at io.restassured.internal.mapping.ObjectMapping.parseWithJackson2(ObjectMapping.groovy:254)
	at io.restassured.internal.mapping.ObjectMapping$parseWithJackson2$0.callStatic(Unknown Source)
	at io.restassured.internal.mapping.ObjectMapping.deserialize(ObjectMapping.groovy:56)
	at io.restassured.internal.mapping.ObjectMapping$deserialize.call(Unknown Source)
	at io.restassured.internal.RestAssuredResponseOptionsGroovyImpl.as(RestAssuredResponseOptionsGroovyImpl.groovy:229)
	at io.restassured.internal.RestAssuredResponseOptionsImpl.as(RestAssuredResponseOptionsImpl.java:169)
	at helpers.GetUserInfoAPI.ValidateUserInfo(GetUserInfoAPI.java:37)
	at apiTestCases.ValidateUserInfoTest.validateUserInfoTest(ValidateUserInfoTest.java:23)
	... 27 more
Caused by: com.fasterxml.jackson.databind.exc.UnrecognizedPropertyException: Unrecognized field &quot;error&quot; (class pojo.UserDetails), not marked as ignorable (3 known properties: &quot;name&quot;, &quot;count&quot;, &quot;age&quot;])
 at [Source: (String)&quot;{&quot;error&quot;:&quot;Request limit reached&quot;}&quot;; line: 1, column: 11] (through reference chain: pojo.UserDetails[&quot;error&quot;])
	at com.fasterxml.jackson.databind.exc.UnrecognizedPropertyException.from(UnrecognizedPropertyException.java:61)
	at com.fasterxml.jackson.databind.DeserializationContext.handleUnknownProperty(DeserializationContext.java:840)
	at com.fasterxml.jackson.databind.deser.std.StdDeserializer.handleUnknownProperty(StdDeserializer.java:1179)
	at com.fasterxml.jackson.databind.deser.BeanDeserializerBase.handleUnknownProperty(BeanDeserializerBase.java:1592)
	at com.fasterxml.jackson.databind.deser.BeanDeserializerBase.handleUnknownVanilla(BeanDeserializerBase.java:1570)
	at com.fasterxml.jackson.databind.deser.BeanDeserializer.vanillaDeserialize(BeanDeserializer.java:294)
	at com.fasterxml.jackson.databind.deser.BeanDeserializer.deserialize(BeanDeserializer.java:151)
	at com.fasterxml.jackson.databind.ObjectMapper._readMapAndClose(ObjectMapper.java:4202)
	at com.fasterxml.jackson.databind.ObjectMapper.readValue(ObjectMapper.java:3205)
	at io.restassured.internal.path.json.mapping.JsonPathJackson2ObjectDeserializer.deserialize(JsonPathJackson2ObjectDeserializer.java:28)
	... 38 more
... Removed 26 stack frames
</div> <!-- stack-trace -->
                </div> <!-- method-content -->
              </div> <!-- method -->
              <div class="method">
                <div class="method-content">
                  <a name="validateUserInfoTest(jerry, 75)">
                  </a> <!-- validateUserInfoTest(jerry, 75) -->
                  <span class="method-name">validateUserInfoTest</span>
                  <span class="parameters">(jerry, 75)</span>
                  <div class="stack-trace">java.lang.RuntimeException: java.lang.RuntimeException: com.fasterxml.jackson.databind.exc.UnrecognizedPropertyException: Unrecognized field &quot;error&quot; (class pojo.UserDetails), not marked as ignorable (3 known properties: &quot;name&quot;, &quot;count&quot;, &quot;age&quot;])
 at [Source: (String)&quot;{&quot;error&quot;:&quot;Request limit reached&quot;}&quot;; line: 1, column: 11] (through reference chain: pojo.UserDetails[&quot;error&quot;])
	at apiTestCases.ValidateUserInfoTest.validateUserInfoTest(ValidateUserInfoTest.java:30)
	at java.base/java.util.ArrayList.forEach(ArrayList.java:1511)
Caused by: java.lang.RuntimeException: com.fasterxml.jackson.databind.exc.UnrecognizedPropertyException: Unrecognized field &quot;error&quot; (class pojo.UserDetails), not marked as ignorable (3 known properties: &quot;name&quot;, &quot;count&quot;, &quot;age&quot;])
 at [Source: (String)&quot;{&quot;error&quot;:&quot;Request limit reached&quot;}&quot;; line: 1, column: 11] (through reference chain: pojo.UserDetails[&quot;error&quot;])
	at io.restassured.internal.path.json.mapping.JsonPathJackson2ObjectDeserializer.deserialize(JsonPathJackson2ObjectDeserializer.java:30)
	at io.restassured.path.json.mapping.JsonPathObjectDeserializer$deserialize.call(Unknown Source)
	at io.restassured.internal.mapping.Jackson2Mapper.deserialize(Jackson2Mapper.groovy:58)
	at io.restassured.mapper.ObjectMapper$deserialize.call(Unknown Source)
	at io.restassured.internal.mapping.ObjectMapping.parseWithJackson2(ObjectMapping.groovy:254)
	at io.restassured.internal.mapping.ObjectMapping$parseWithJackson2$0.callStatic(Unknown Source)
	at io.restassured.internal.mapping.ObjectMapping.deserialize(ObjectMapping.groovy:56)
	at io.restassured.internal.mapping.ObjectMapping$deserialize.call(Unknown Source)
	at io.restassured.internal.RestAssuredResponseOptionsGroovyImpl.as(RestAssuredResponseOptionsGroovyImpl.groovy:229)
	at io.restassured.internal.RestAssuredResponseOptionsImpl.as(RestAssuredResponseOptionsImpl.java:169)
	at helpers.GetUserInfoAPI.ValidateUserInfo(GetUserInfoAPI.java:37)
	at apiTestCases.ValidateUserInfoTest.validateUserInfoTest(ValidateUserInfoTest.java:23)
	... 28 more
Caused by: com.fasterxml.jackson.databind.exc.UnrecognizedPropertyException: Unrecognized field &quot;error&quot; (class pojo.UserDetails), not marked as ignorable (3 known properties: &quot;name&quot;, &quot;count&quot;, &quot;age&quot;])
 at [Source: (String)&quot;{&quot;error&quot;:&quot;Request limit reached&quot;}&quot;; line: 1, column: 11] (through reference chain: pojo.UserDetails[&quot;error&quot;])
	at com.fasterxml.jackson.databind.exc.UnrecognizedPropertyException.from(UnrecognizedPropertyException.java:61)
	at com.fasterxml.jackson.databind.DeserializationContext.handleUnknownProperty(DeserializationContext.java:840)
	at com.fasterxml.jackson.databind.deser.std.StdDeserializer.handleUnknownProperty(StdDeserializer.java:1179)
	at com.fasterxml.jackson.databind.deser.BeanDeserializerBase.handleUnknownProperty(BeanDeserializerBase.java:1592)
	at com.fasterxml.jackson.databind.deser.BeanDeserializerBase.handleUnknownVanilla(BeanDeserializerBase.java:1570)
	at com.fasterxml.jackson.databind.deser.BeanDeserializer.vanillaDeserialize(BeanDeserializer.java:294)
	at com.fasterxml.jackson.databind.deser.BeanDeserializer.deserialize(BeanDeserializer.java:151)
	at com.fasterxml.jackson.databind.ObjectMapper._readMapAndClose(ObjectMapper.java:4202)
	at com.fasterxml.jackson.databind.ObjectMapper.readValue(ObjectMapper.java:3205)
	at io.restassured.internal.path.json.mapping.JsonPathJackson2ObjectDeserializer.deserialize(JsonPathJackson2ObjectDeserializer.java:28)
	... 39 more
... Removed 27 stack frames
</div> <!-- stack-trace -->
                </div> <!-- method-content -->
              </div> <!-- method -->
            </div> <!-- main-panel-content rounded-window-bottom -->
          </div> <!-- suite-Suite-class-skipped -->
        </div> <!-- panel Suite -->
        <div panel-name="test-xml-Suite" class="panel">
          <div class="main-panel-header rounded-window-top">
            <span class="header-content">C:\Users\Shanmugam Rani\eclipse-workspace\Altimetrik.MiniProjects.APIAutomation\testng.xml</span>
          </div> <!-- main-panel-header rounded-window-top -->
          <div class="main-panel-content rounded-window-bottom">
            <pre>
&lt;?xml version=&quot;1.0&quot; encoding=&quot;UTF-8&quot;?&gt;
&lt;!DOCTYPE suite SYSTEM &quot;https://testng.org/testng-1.0.dtd&quot;&gt;
&lt;suite name=&quot;Suite&quot; guice-stage=&quot;DEVELOPMENT&quot;&gt;
  &lt;listeners&gt;
    &lt;listener class-name=&quot;utilities.TestListeners&quot;/&gt;
    &lt;listener class-name=&quot;utilities.RetryTransformer&quot;/&gt;
  &lt;/listeners&gt;
  &lt;test thread-count=&quot;5&quot; name=&quot;Test&quot;&gt;
    &lt;classes&gt;
      &lt;class name=&quot;apiTestCases.GetUserInfoTest&quot;/&gt;
      &lt;class name=&quot;apiTestCases.ValidateUserInfoTest&quot;/&gt;
    &lt;/classes&gt;
  &lt;/test&gt; &lt;!-- Test --&gt;
&lt;/suite&gt; &lt;!-- Suite --&gt;
            </pre>
          </div> <!-- main-panel-content rounded-window-bottom -->
        </div> <!-- panel -->
        <div panel-name="testlist-Suite" class="panel">
          <div class="main-panel-header rounded-window-top">
            <span class="header-content">Tests for Suite</span>
          </div> <!-- main-panel-header rounded-window-top -->
          <div class="main-panel-content rounded-window-bottom">
            <ul>
              <li>
                <span class="test-name">Test (2 classes)</span>
              </li>
            </ul>
          </div> <!-- main-panel-content rounded-window-bottom -->
        </div> <!-- panel -->
        <div panel-name="group-Suite" class="panel">
          <div class="main-panel-header rounded-window-top">
            <span class="header-content">Groups for Suite</span>
          </div> <!-- main-panel-header rounded-window-top -->
          <div class="main-panel-content rounded-window-bottom">
          </div> <!-- main-panel-content rounded-window-bottom -->
        </div> <!-- panel -->
        <div panel-name="times-Suite" class="panel">
          <div class="main-panel-header rounded-window-top">
            <span class="header-content">Times for Suite</span>
          </div> <!-- main-panel-header rounded-window-top -->
          <div class="main-panel-content rounded-window-bottom">
            <div class="times-div">
              <script type="text/javascript">
suiteTableInitFunctions.push('tableData_Suite');
function tableData_Suite() {
var data = new google.visualization.DataTable();
data.addColumn('number', 'Number');
data.addColumn('string', 'Method');
data.addColumn('string', 'Class');
data.addColumn('number', 'Time (ms)');
data.addRows(40);
data.setCell(0, 0, 0)
data.setCell(0, 1, 'getUserInfo')
data.setCell(0, 2, 'apiTestCases.GetUserInfoTest')
data.setCell(0, 3, 2524);
data.setCell(1, 0, 1)
data.setCell(1, 1, 'getUserInfo')
data.setCell(1, 2, 'apiTestCases.GetUserInfoTest')
data.setCell(1, 3, 1512);
data.setCell(2, 0, 2)
data.setCell(2, 1, 'getUserInfo')
data.setCell(2, 2, 'apiTestCases.GetUserInfoTest')
data.setCell(2, 3, 1493);
data.setCell(3, 0, 3)
data.setCell(3, 1, 'validateUserInfoTest')
data.setCell(3, 2, 'apiTestCases.ValidateUserInfoTest')
data.setCell(3, 3, 1483);
data.setCell(4, 0, 4)
data.setCell(4, 1, 'validateUserInfoTest')
data.setCell(4, 2, 'apiTestCases.ValidateUserInfoTest')
data.setCell(4, 3, 1469);
data.setCell(5, 0, 5)
data.setCell(5, 1, 'getUserInfo')
data.setCell(5, 2, 'apiTestCases.GetUserInfoTest')
data.setCell(5, 3, 1461);
data.setCell(6, 0, 6)
data.setCell(6, 1, 'validateUserInfoTest')
data.setCell(6, 2, 'apiTestCases.ValidateUserInfoTest')
data.setCell(6, 3, 1446);
data.setCell(7, 0, 7)
data.setCell(7, 1, 'validateUserInfoTest')
data.setCell(7, 2, 'apiTestCases.ValidateUserInfoTest')
data.setCell(7, 3, 1441);
data.setCell(8, 0, 8)
data.setCell(8, 1, 'getUserInfo')
data.setCell(8, 2, 'apiTestCases.GetUserInfoTest')
data.setCell(8, 3, 1428);
data.setCell(9, 0, 9)
data.setCell(9, 1, 'validateUserInfoTest')
data.setCell(9, 2, 'apiTestCases.ValidateUserInfoTest')
data.setCell(9, 3, 1418);
data.setCell(10, 0, 10)
data.setCell(10, 1, 'getUserInfo')
data.setCell(10, 2, 'apiTestCases.GetUserInfoTest')
data.setCell(10, 3, 1402);
data.setCell(11, 0, 11)
data.setCell(11, 1, 'validateUserInfoTest')
data.setCell(11, 2, 'apiTestCases.ValidateUserInfoTest')
data.setCell(11, 3, 1396);
data.setCell(12, 0, 12)
data.setCell(12, 1, 'getUserInfo')
data.setCell(12, 2, 'apiTestCases.GetUserInfoTest')
data.setCell(12, 3, 1395);
data.setCell(13, 0, 13)
data.setCell(13, 1, 'validateUserInfoTest')
data.setCell(13, 2, 'apiTestCases.ValidateUserInfoTest')
data.setCell(13, 3, 1386);
data.setCell(14, 0, 14)
data.setCell(14, 1, 'getUserInfo')
data.setCell(14, 2, 'apiTestCases.GetUserInfoTest')
data.setCell(14, 3, 1381);
data.setCell(15, 0, 15)
data.setCell(15, 1, 'validateUserInfoTest')
data.setCell(15, 2, 'apiTestCases.ValidateUserInfoTest')
data.setCell(15, 3, 1377);
data.setCell(16, 0, 16)
data.setCell(16, 1, 'getUserInfo')
data.setCell(16, 2, 'apiTestCases.GetUserInfoTest')
data.setCell(16, 3, 1375);
data.setCell(17, 0, 17)
data.setCell(17, 1, 'validateUserInfoTest')
data.setCell(17, 2, 'apiTestCases.ValidateUserInfoTest')
data.setCell(17, 3, 1358);
data.setCell(18, 0, 18)
data.setCell(18, 1, 'validateUserInfoTest')
data.setCell(18, 2, 'apiTestCases.ValidateUserInfoTest')
data.setCell(18, 3, 1355);
data.setCell(19, 0, 19)
data.setCell(19, 1, 'validateUserInfoTest')
data.setCell(19, 2, 'apiTestCases.ValidateUserInfoTest')
data.setCell(19, 3, 1344);
data.setCell(20, 0, 20)
data.setCell(20, 1, 'validateUserInfoTest')
data.setCell(20, 2, 'apiTestCases.ValidateUserInfoTest')
data.setCell(20, 3, 1340);
data.setCell(21, 0, 21)
data.setCell(21, 1, 'getUserInfo')
data.setCell(21, 2, 'apiTestCases.GetUserInfoTest')
data.setCell(21, 3, 1332);
data.setCell(22, 0, 22)
data.setCell(22, 1, 'getUserInfo')
data.setCell(22, 2, 'apiTestCases.GetUserInfoTest')
data.setCell(22, 3, 1330);
data.setCell(23, 0, 23)
data.setCell(23, 1, 'validateUserInfoTest')
data.setCell(23, 2, 'apiTestCases.ValidateUserInfoTest')
data.setCell(23, 3, 1328);
data.setCell(24, 0, 24)
data.setCell(24, 1, 'getUserInfo')
data.setCell(24, 2, 'apiTestCases.GetUserInfoTest')
data.setCell(24, 3, 1310);
data.setCell(25, 0, 25)
data.setCell(25, 1, 'getUserInfo')
data.setCell(25, 2, 'apiTestCases.GetUserInfoTest')
data.setCell(25, 3, 1282);
data.setCell(26, 0, 26)
data.setCell(26, 1, 'validateUserInfoTest')
data.setCell(26, 2, 'apiTestCases.ValidateUserInfoTest')
data.setCell(26, 3, 1281);
data.setCell(27, 0, 27)
data.setCell(27, 1, 'validateUserInfoTest')
data.setCell(27, 2, 'apiTestCases.ValidateUserInfoTest')
data.setCell(27, 3, 1276);
data.setCell(28, 0, 28)
data.setCell(28, 1, 'getUserInfo')
data.setCell(28, 2, 'apiTestCases.GetUserInfoTest')
data.setCell(28, 3, 1272);
data.setCell(29, 0, 29)
data.setCell(29, 1, 'validateUserInfoTest')
data.setCell(29, 2, 'apiTestCases.ValidateUserInfoTest')
data.setCell(29, 3, 1265);
data.setCell(30, 0, 30)
data.setCell(30, 1, 'getUserInfo')
data.setCell(30, 2, 'apiTestCases.GetUserInfoTest')
data.setCell(30, 3, 1250);
data.setCell(31, 0, 31)
data.setCell(31, 1, 'getUserInfo')
data.setCell(31, 2, 'apiTestCases.GetUserInfoTest')
data.setCell(31, 3, 1247);
data.setCell(32, 0, 32)
data.setCell(32, 1, 'validateUserInfoTest')
data.setCell(32, 2, 'apiTestCases.ValidateUserInfoTest')
data.setCell(32, 3, 1243);
data.setCell(33, 0, 33)
data.setCell(33, 1, 'getUserInfo')
data.setCell(33, 2, 'apiTestCases.GetUserInfoTest')
data.setCell(33, 3, 1224);
data.setCell(34, 0, 34)
data.setCell(34, 1, 'validateUserInfoTest')
data.setCell(34, 2, 'apiTestCases.ValidateUserInfoTest')
data.setCell(34, 3, 1209);
data.setCell(35, 0, 35)
data.setCell(35, 1, 'getUserInfo')
data.setCell(35, 2, 'apiTestCases.GetUserInfoTest')
data.setCell(35, 3, 1208);
data.setCell(36, 0, 36)
data.setCell(36, 1, 'validateUserInfoTest')
data.setCell(36, 2, 'apiTestCases.ValidateUserInfoTest')
data.setCell(36, 3, 1208);
data.setCell(37, 0, 37)
data.setCell(37, 1, 'getUserInfo')
data.setCell(37, 2, 'apiTestCases.GetUserInfoTest')
data.setCell(37, 3, 1193);
data.setCell(38, 0, 38)
data.setCell(38, 1, 'getUserInfo')
data.setCell(38, 2, 'apiTestCases.GetUserInfoTest')
data.setCell(38, 3, 1185);
data.setCell(39, 0, 39)
data.setCell(39, 1, 'validateUserInfoTest')
data.setCell(39, 2, 'apiTestCases.ValidateUserInfoTest')
data.setCell(39, 3, 1183);
window.suiteTableData['Suite']= { tableData: data, tableDiv: 'times-div-Suite'}
return data;
}
              </script>
              <span class="suite-total-time">Total running time: 54 seconds</span>
              <div id="times-div-Suite">
              </div> <!-- times-div-Suite -->
            </div> <!-- times-div -->
          </div> <!-- main-panel-content rounded-window-bottom -->
        </div> <!-- panel -->
        <div panel-name="reporter-Suite" class="panel">
          <div class="main-panel-header rounded-window-top">
            <span class="header-content">Reporter output for Suite</span>
          </div> <!-- main-panel-header rounded-window-top -->
          <div class="main-panel-content rounded-window-bottom">
          </div> <!-- main-panel-content rounded-window-bottom -->
        </div> <!-- panel -->
        <div panel-name="ignored-methods-Suite" class="panel">
          <div class="main-panel-header rounded-window-top">
            <span class="header-content">0 ignored methods</span>
          </div> <!-- main-panel-header rounded-window-top -->
          <div class="main-panel-content rounded-window-bottom">
          </div> <!-- main-panel-content rounded-window-bottom -->
        </div> <!-- panel -->
        <div panel-name="chronological-Suite" class="panel">
          <div class="main-panel-header rounded-window-top">
            <span class="header-content">Methods in chronological order</span>
          </div> <!-- main-panel-header rounded-window-top -->
          <div class="main-panel-content rounded-window-bottom">
            <div class="chronological-class">
              <div class="chronological-class-name">apiTestCases.GetUserInfoTest</div> <!-- chronological-class-name -->
              <div class="test-method">
                <span class="method-name">getUserInfo(john , 73)</span>
                <span class="method-start">0 ms</span>
              </div> <!-- test-method -->
              <div class="test-method">
                <span class="method-name">getUserInfo(john , 73)</span>
                <span class="method-start">2653 ms</span>
              </div> <!-- test-method -->
              <div class="test-method">
                <span class="method-name">getUserInfo(john , 73)</span>
                <span class="method-start">4359 ms</span>
              </div> <!-- test-method -->
              <div class="test-method">
                <img src="failed.png">
                </img>
                <span class="method-name">getUserInfo(john , 73)</span>
                <span class="method-start">5848 ms</span>
              </div> <!-- test-method -->
              <div class="test-method">
                <span class="method-name">getUserInfo(tom , 66)</span>
                <span class="method-start">7234 ms</span>
              </div> <!-- test-method -->
              <div class="test-method">
                <span class="method-name">getUserInfo(tom , 66)</span>
                <span class="method-start">8705 ms</span>
              </div> <!-- test-method -->
              <div class="test-method">
                <span class="method-name">getUserInfo(tom , 66)</span>
                <span class="method-start">10040 ms</span>
              </div> <!-- test-method -->
              <div class="test-method">
                <img src="failed.png">
                </img>
                <span class="method-name">getUserInfo(tom , 66)</span>
                <span class="method-start">11382 ms</span>
              </div> <!-- test-method -->
              <div class="test-method">
                <span class="method-name">getUserInfo(jerry, 75)</span>
                <span class="method-start">12668 ms</span>
              </div> <!-- test-method -->
              <div class="test-method">
                <span class="method-name">getUserInfo(jerry, 75)</span>
                <span class="method-start">13949 ms</span>
              </div> <!-- test-method -->
              <div class="test-method">
                <span class="method-name">getUserInfo(jerry, 75)</span>
                <span class="method-start">15339 ms</span>
              </div> <!-- test-method -->
              <div class="test-method">
                <img src="failed.png">
                </img>
                <span class="method-name">getUserInfo(jerry, 75)</span>
                <span class="method-start">16737 ms</span>
              </div> <!-- test-method -->
              <div class="test-method">
                <span class="method-name">getUserInfo(kevin, 50)</span>
                <span class="method-start">18070 ms</span>
              </div> <!-- test-method -->
              <div class="test-method">
                <span class="method-name">getUserInfo(kevin, 50)</span>
                <span class="method-start">19544 ms</span>
              </div> <!-- test-method -->
              <div class="test-method">
                <span class="method-name">getUserInfo(kevin, 50)</span>
                <span class="method-start">21059 ms</span>
              </div> <!-- test-method -->
              <div class="test-method">
                <img src="failed.png">
                </img>
                <span class="method-name">getUserInfo(kevin, 50)</span>
                <span class="method-start">22545 ms</span>
              </div> <!-- test-method -->
              <div class="test-method">
                <span class="method-name">getUserInfo(amanda, 46)</span>
                <span class="method-start">24042 ms</span>
              </div> <!-- test-method -->
              <div class="test-method">
                <span class="method-name">getUserInfo(amanda, 46)</span>
                <span class="method-start">25388 ms</span>
              </div> <!-- test-method -->
              <div class="test-method">
                <span class="method-name">getUserInfo(amanda, 46)</span>
                <span class="method-start">26745 ms</span>
              </div> <!-- test-method -->
              <div class="test-method">
                <img src="failed.png">
                </img>
                <span class="method-name">getUserInfo(amanda, 46)</span>
                <span class="method-start">28359 ms</span>
              </div> <!-- test-method -->
            </div> <!-- chronological-class -->
            <div class="chronological-class">
              <div class="chronological-class-name">apiTestCases.ValidateUserInfoTest</div> <!-- chronological-class-name -->
              <div class="test-method">
                <span class="method-name">validateUserInfoTest(john , 73)</span>
                <span class="method-start">29935 ms</span>
              </div> <!-- test-method -->
              <div class="test-method">
                <span class="method-name">validateUserInfoTest(john , 73)</span>
                <span class="method-start">31457 ms</span>
              </div> <!-- test-method -->
              <div class="test-method">
                <span class="method-name">validateUserInfoTest(john , 73)</span>
                <span class="method-start">33044 ms</span>
              </div> <!-- test-method -->
              <div class="test-method">
                <img src="failed.png">
                </img>
                <span class="method-name">validateUserInfoTest(john , 73)</span>
                <span class="method-start">34397 ms</span>
              </div> <!-- test-method -->
              <div class="test-method">
                <span class="method-name">validateUserInfoTest(tom , 66)</span>
                <span class="method-start">35666 ms</span>
              </div> <!-- test-method -->
              <div class="test-method">
                <span class="method-name">validateUserInfoTest(tom , 66)</span>
                <span class="method-start">37181 ms</span>
              </div> <!-- test-method -->
              <div class="test-method">
                <span class="method-name">validateUserInfoTest(tom , 66)</span>
                <span class="method-start">38717 ms</span>
              </div> <!-- test-method -->
              <div class="test-method">
                <img src="failed.png">
                </img>
                <span class="method-name">validateUserInfoTest(tom , 66)</span>
                <span class="method-start">40245 ms</span>
              </div> <!-- test-method -->
              <div class="test-method">
                <span class="method-name">validateUserInfoTest(jerry, 75)</span>
                <span class="method-start">41429 ms</span>
              </div> <!-- test-method -->
              <div class="test-method">
                <span class="method-name">validateUserInfoTest(jerry, 75)</span>
                <span class="method-start">42874 ms</span>
              </div> <!-- test-method -->
              <div class="test-method">
                <span class="method-name">validateUserInfoTest(jerry, 75)</span>
                <span class="method-start">44391 ms</span>
              </div> <!-- test-method -->
              <div class="test-method">
                <img src="failed.png">
                </img>
                <span class="method-name">validateUserInfoTest(jerry, 75)</span>
                <span class="method-start">45809 ms</span>
              </div> <!-- test-method -->
              <div class="test-method">
                <span class="method-name">validateUserInfoTest(kevin, 50)</span>
                <span class="method-start">47191 ms</span>
              </div> <!-- test-method -->
              <div class="test-method">
                <span class="method-name">validateUserInfoTest(kevin, 50)</span>
                <span class="method-start">48784 ms</span>
              </div> <!-- test-method -->
              <div class="test-method">
                <span class="method-name">validateUserInfoTest(kevin, 50)</span>
                <span class="method-start">50339 ms</span>
              </div> <!-- test-method -->
              <div class="test-method">
                <img src="failed.png">
                </img>
                <span class="method-name">validateUserInfoTest(kevin, 50)</span>
                <span class="method-start">51732 ms</span>
              </div> <!-- test-method -->
              <div class="test-method">
                <span class="method-name">validateUserInfoTest(amanda, 46)</span>
                <span class="method-start">52979 ms</span>
              </div> <!-- test-method -->
              <div class="test-method">
                <span class="method-name">validateUserInfoTest(amanda, 46)</span>
                <span class="method-start">54271 ms</span>
              </div> <!-- test-method -->
              <div class="test-method">
                <span class="method-name">validateUserInfoTest(amanda, 46)</span>
                <span class="method-start">55841 ms</span>
              </div> <!-- test-method -->
              <div class="test-method">
                <img src="failed.png">
                </img>
                <span class="method-name">validateUserInfoTest(amanda, 46)</span>
                <span class="method-start">57340 ms</span>
              </div> <!-- test-method -->
          </div> <!-- main-panel-content rounded-window-bottom -->
        </div> <!-- panel -->
      </div> <!-- main-panel-root -->
    </div> <!-- wrapper -->
  </body>
<script type="text/javascript" src="testng-reports2.js"></script>
</html>
